0 verbose cli C:\Program Files\nodejs\node.exe C:\Users\THANH TAM PC\AppData\Roaming\npm\node_modules\npm\bin\npm-cli.js
1 info using npm@10.2.1
2 info using node@v20.9.0
3 timing npm:load:whichnode Completed in 2ms
4 timing config:load:defaults Completed in 7ms
5 timing config:load:file:C:\Users\THANH TAM PC\AppData\Roaming\npm\node_modules\npm\npmrc Completed in 8ms
6 timing config:load:builtin Completed in 8ms
7 timing config:load:cli Completed in 2ms
8 timing config:load:env Completed in 1ms
9 timing config:load:file:E:\CRO101_FullLabReactNative1\.npmrc Completed in 0ms
10 timing config:load:project Completed in 8ms
11 timing config:load:file:C:\Users\THANH TAM PC\.npmrc Completed in 1ms
12 timing config:load:user Completed in 1ms
13 timing config:load:file:C:\Users\THANH TAM PC\AppData\Roaming\npm\etc\npmrc Completed in 1ms
14 timing config:load:global Completed in 1ms
15 timing config:load:setEnvs Completed in 1ms
16 timing config:load Completed in 30ms
17 timing npm:load:configload Completed in 30ms
18 timing config:load:flatten Completed in 5ms
19 timing npm:load:mkdirpcache Completed in 1ms
20 timing npm:load:mkdirplogs Completed in 1ms
21 verbose title npm i json-server
22 verbose argv "i" "json-server"
23 timing npm:load:setTitle Completed in 12ms
24 timing npm:load:display Completed in 2ms
25 verbose logfile logs-max:10 dir:E:\CRO101_FullLabReactNative1\components\lab8\new-cache-path\_logs\2024-02-23T07_29_03_340Z-
26 verbose logfile E:\CRO101_FullLabReactNative1\components\lab8\new-cache-path\_logs\2024-02-23T07_29_03_340Z-debug-0.log
27 timing npm:load:logFile Completed in 50ms
28 timing npm:load:timers Completed in 0ms
29 timing npm:load:configScope Completed in 1ms
30 timing npm:load Completed in 188ms
31 timing arborist:ctor Completed in 2ms
32 silly logfile done cleaning log files
33 timing idealTree:init Completed in 1830ms
34 timing idealTree:userRequests Completed in 2ms
35 silly idealTree buildDeps
36 silly fetch manifest json-server@^1.0.0-alpha.23
37 timing arborist:ctor Completed in 0ms
38 http fetch GET 200 https://registry.npmjs.org/json-server 1136ms (cache miss)
39 silly placeDep ROOT json-server@1.0.0-alpha.23 REPLACE for: mylab@1.0.0 want: ^1.0.0-alpha.23
40 timing idealTree:#root Completed in 1182ms
41 timing idealTree:node_modules/json-server Completed in 0ms
42 timing idealTree:buildDeps Completed in 1184ms
43 timing idealTree:fixDepFlags Completed in 18ms
44 timing idealTree Completed in 3063ms
45 timing reify:loadTrees Completed in 3077ms
46 timing reify:diffTrees Completed in 113ms
47 silly reify moves {}
48 timing reify:retireShallow Completed in 1ms
49 timing reify:createSparse Completed in 4ms
50 timing reify:loadBundles Completed in 0ms
51 silly audit bulk request {
51 silly audit   '@ampproject/remapping': [ '2.2.1' ],
51 silly audit   '@babel/code-frame': [ '7.23.5', '7.10.4' ],
51 silly audit   '@babel/compat-data': [ '7.23.5' ],
51 silly audit   '@babel/core': [ '7.23.9' ],
51 silly audit   '@babel/generator': [ '7.23.6' ],
51 silly audit   '@babel/helper-annotate-as-pure': [ '7.22.5' ],
51 silly audit   '@babel/helper-builder-binary-assignment-operator-visitor': [ '7.22.15' ],
51 silly audit   '@babel/helper-compilation-targets': [ '7.23.6' ],
51 silly audit   '@babel/helper-create-class-features-plugin': [ '7.23.9' ],
51 silly audit   '@babel/helper-create-regexp-features-plugin': [ '7.22.15' ],
51 silly audit   '@babel/helper-define-polyfill-provider': [ '0.5.0' ],
51 silly audit   '@babel/helper-environment-visitor': [ '7.22.20' ],
51 silly audit   '@babel/helper-function-name': [ '7.23.0' ],
51 silly audit   '@babel/helper-hoist-variables': [ '7.22.5' ],
51 silly audit   '@babel/helper-member-expression-to-functions': [ '7.23.0' ],
51 silly audit   '@babel/helper-module-imports': [ '7.22.15' ],
51 silly audit   '@babel/helper-module-transforms': [ '7.23.3' ],
51 silly audit   '@babel/helper-optimise-call-expression': [ '7.22.5' ],
51 silly audit   '@babel/helper-plugin-utils': [ '7.22.5' ],
51 silly audit   '@babel/helper-remap-async-to-generator': [ '7.22.20' ],
51 silly audit   '@babel/helper-replace-supers': [ '7.22.20' ],
51 silly audit   '@babel/helper-simple-access': [ '7.22.5' ],
51 silly audit   '@babel/helper-skip-transparent-expression-wrappers': [ '7.22.5' ],
51 silly audit   '@babel/helper-split-export-declaration': [ '7.22.6' ],
51 silly audit   '@babel/helper-string-parser': [ '7.23.4' ],
51 silly audit   '@babel/helper-validator-identifier': [ '7.22.20' ],
51 silly audit   '@babel/helper-validator-option': [ '7.23.5' ],
51 silly audit   '@babel/helper-wrap-function': [ '7.22.20' ],
51 silly audit   '@babel/helpers': [ '7.23.9' ],
51 silly audit   '@babel/highlight': [ '7.23.4' ],
51 silly audit   '@babel/parser': [ '7.23.9' ],
51 silly audit   '@babel/plugin-bugfix-safari-id-destructuring-collision-in-function-expression': [ '7.23.3' ],
51 silly audit   '@babel/plugin-bugfix-v8-spread-parameters-in-optional-chaining': [ '7.23.3' ],
51 silly audit   '@babel/plugin-bugfix-v8-static-class-fields-redefine-readonly': [ '7.23.7' ],
51 silly audit   '@babel/plugin-proposal-async-generator-functions': [ '7.20.7' ],
51 silly audit   '@babel/plugin-proposal-class-properties': [ '7.18.6' ],
51 silly audit   '@babel/plugin-proposal-decorators': [ '7.23.9' ],
51 silly audit   '@babel/plugin-proposal-export-default-from': [ '7.23.3' ],
51 silly audit   '@babel/plugin-proposal-export-namespace-from': [ '7.18.9' ],
51 silly audit   '@babel/plugin-proposal-nullish-coalescing-operator': [ '7.18.6' ],
51 silly audit   '@babel/plugin-proposal-numeric-separator': [ '7.18.6' ],
51 silly audit   '@babel/plugin-proposal-object-rest-spread': [ '7.20.7' ],
51 silly audit   '@babel/plugin-proposal-optional-catch-binding': [ '7.18.6' ],
51 silly audit   '@babel/plugin-proposal-optional-chaining': [ '7.21.0' ],
51 silly audit   '@babel/plugin-proposal-private-property-in-object': [ '7.21.0-placeholder-for-preset-env.2' ],
51 silly audit   '@babel/plugin-syntax-async-generators': [ '7.8.4' ],
51 silly audit   '@babel/plugin-syntax-class-properties': [ '7.12.13' ],
51 silly audit   '@babel/plugin-syntax-class-static-block': [ '7.14.5' ],
51 silly audit   '@babel/plugin-syntax-decorators': [ '7.23.3' ],
51 silly audit   '@babel/plugin-syntax-dynamic-import': [ '7.8.3' ],
51 silly audit   '@babel/plugin-syntax-export-default-from': [ '7.23.3' ],
51 silly audit   '@babel/plugin-syntax-export-namespace-from': [ '7.8.3' ],
51 silly audit   '@babel/plugin-syntax-flow': [ '7.23.3' ],
51 silly audit   '@babel/plugin-syntax-import-assertions': [ '7.23.3' ],
51 silly audit   '@babel/plugin-syntax-import-attributes': [ '7.23.3' ],
51 silly audit   '@babel/plugin-syntax-import-meta': [ '7.10.4' ],
51 silly audit   '@babel/plugin-syntax-json-strings': [ '7.8.3' ],
51 silly audit   '@babel/plugin-syntax-jsx': [ '7.23.3' ],
51 silly audit   '@babel/plugin-syntax-logical-assignment-operators': [ '7.10.4' ],
51 silly audit   '@babel/plugin-syntax-nullish-coalescing-operator': [ '7.8.3' ],
51 silly audit   '@babel/plugin-syntax-numeric-separator': [ '7.10.4' ],
51 silly audit   '@babel/plugin-syntax-object-rest-spread': [ '7.8.3' ],
51 silly audit   '@babel/plugin-syntax-optional-catch-binding': [ '7.8.3' ],
51 silly audit   '@babel/plugin-syntax-optional-chaining': [ '7.8.3' ],
51 silly audit   '@babel/plugin-syntax-private-property-in-object': [ '7.14.5' ],
51 silly audit   '@babel/plugin-syntax-top-level-await': [ '7.14.5' ],
51 silly audit   '@babel/plugin-syntax-typescript': [ '7.23.3' ],
51 silly audit   '@babel/plugin-syntax-unicode-sets-regex': [ '7.18.6' ],
51 silly audit   '@babel/plugin-transform-arrow-functions': [ '7.23.3' ],
51 silly audit   '@babel/plugin-transform-async-generator-functions': [ '7.23.9' ],
51 silly audit   '@babel/plugin-transform-async-to-generator': [ '7.23.3' ],
51 silly audit   '@babel/plugin-transform-block-scoped-functions': [ '7.23.3' ],
51 silly audit   '@babel/plugin-transform-block-scoping': [ '7.23.4' ],
51 silly audit   '@babel/plugin-transform-class-properties': [ '7.23.3' ],
51 silly audit   '@babel/plugin-transform-class-static-block': [ '7.23.4' ],
51 silly audit   '@babel/plugin-transform-classes': [ '7.23.8' ],
51 silly audit   '@babel/plugin-transform-computed-properties': [ '7.23.3' ],
51 silly audit   '@babel/plugin-transform-destructuring': [ '7.23.3' ],
51 silly audit   '@babel/plugin-transform-dotall-regex': [ '7.23.3' ],
51 silly audit   '@babel/plugin-transform-duplicate-keys': [ '7.23.3' ],
51 silly audit   '@babel/plugin-transform-dynamic-import': [ '7.23.4' ],
51 silly audit   '@babel/plugin-transform-exponentiation-operator': [ '7.23.3' ],
51 silly audit   '@babel/plugin-transform-export-namespace-from': [ '7.23.4' ],
51 silly audit   '@babel/plugin-transform-flow-strip-types': [ '7.23.3' ],
51 silly audit   '@babel/plugin-transform-for-of': [ '7.23.6' ],
51 silly audit   '@babel/plugin-transform-function-name': [ '7.23.3' ],
51 silly audit   '@babel/plugin-transform-json-strings': [ '7.23.4' ],
51 silly audit   '@babel/plugin-transform-literals': [ '7.23.3' ],
51 silly audit   '@babel/plugin-transform-logical-assignment-operators': [ '7.23.4' ],
51 silly audit   '@babel/plugin-transform-member-expression-literals': [ '7.23.3' ],
51 silly audit   '@babel/plugin-transform-modules-amd': [ '7.23.3' ],
51 silly audit   '@babel/plugin-transform-modules-commonjs': [ '7.23.3' ],
51 silly audit   '@babel/plugin-transform-modules-systemjs': [ '7.23.9' ],
51 silly audit   '@babel/plugin-transform-modules-umd': [ '7.23.3' ],
51 silly audit   '@babel/plugin-transform-named-capturing-groups-regex': [ '7.22.5' ],
51 silly audit   '@babel/plugin-transform-new-target': [ '7.23.3' ],
51 silly audit   '@babel/plugin-transform-nullish-coalescing-operator': [ '7.23.4' ],
51 silly audit   '@babel/plugin-transform-numeric-separator': [ '7.23.4' ],
51 silly audit   '@babel/plugin-transform-object-assign': [ '7.23.3' ],
51 silly audit   '@babel/plugin-transform-object-rest-spread': [ '7.23.4' ],
51 silly audit   '@babel/plugin-transform-object-super': [ '7.23.3' ],
51 silly audit   '@babel/plugin-transform-optional-catch-binding': [ '7.23.4' ],
51 silly audit   '@babel/plugin-transform-optional-chaining': [ '7.23.4' ],
51 silly audit   '@babel/plugin-transform-parameters': [ '7.23.3' ],
51 silly audit   '@babel/plugin-transform-private-methods': [ '7.23.3' ],
51 silly audit   '@babel/plugin-transform-private-property-in-object': [ '7.23.4' ],
51 silly audit   '@babel/plugin-transform-property-literals': [ '7.23.3' ],
51 silly audit   '@babel/plugin-transform-react-display-name': [ '7.23.3' ],
51 silly audit   '@babel/plugin-transform-react-jsx': [ '7.23.4' ],
51 silly audit   '@babel/plugin-transform-react-jsx-self': [ '7.23.3' ],
51 silly audit   '@babel/plugin-transform-react-jsx-source': [ '7.23.3' ],
51 silly audit   '@babel/plugin-transform-regenerator': [ '7.23.3' ],
51 silly audit   '@babel/plugin-transform-reserved-words': [ '7.23.3' ],
51 silly audit   '@babel/plugin-transform-runtime': [ '7.23.9' ],
51 silly audit   '@babel/plugin-transform-shorthand-properties': [ '7.23.3' ],
51 silly audit   '@babel/plugin-transform-spread': [ '7.23.3' ],
51 silly audit   '@babel/plugin-transform-sticky-regex': [ '7.23.3' ],
51 silly audit   '@babel/plugin-transform-template-literals': [ '7.23.3' ],
51 silly audit   '@babel/plugin-transform-typeof-symbol': [ '7.23.3' ],
51 silly audit   '@babel/plugin-transform-typescript': [ '7.23.6' ],
51 silly audit   '@babel/plugin-transform-unicode-escapes': [ '7.23.3' ],
51 silly audit   '@babel/plugin-transform-unicode-property-regex': [ '7.23.3' ],
51 silly audit   '@babel/plugin-transform-unicode-regex': [ '7.23.3' ],
51 silly audit   '@babel/plugin-transform-unicode-sets-regex': [ '7.23.3' ],
51 silly audit   '@babel/preset-env': [ '7.23.9' ],
51 silly audit   '@babel/preset-flow': [ '7.23.3' ],
51 silly audit   '@babel/preset-modules': [ '0.1.6-no-external-plugins' ],
51 silly audit   '@babel/preset-typescript': [ '7.23.3' ],
51 silly audit   '@babel/register': [ '7.23.7' ],
51 silly audit   '@babel/regjsgen': [ '0.8.0' ],
51 silly audit   '@babel/runtime': [ '7.23.9' ],
51 silly audit   '@babel/template': [ '7.23.9' ],
51 silly audit   '@babel/traverse': [ '7.23.9' ],
51 silly audit   '@babel/types': [ '7.23.9' ],
51 silly audit   '@egjs/hammerjs': [ '2.0.17' ],
51 silly audit   '@expo/bunyan': [ '4.0.0' ],
51 silly audit   uuid: [ '8.3.2', '3.4.0', '7.0.3' ],
51 silly audit   '@expo/cli': [ '0.10.16' ],
51 silly audit   'ansi-styles': [ '4.3.0', '6.2.1', '3.2.1', '5.2.0' ],
51 silly audit   chalk: [ '4.1.2', '2.4.2', '5.3.0' ],
51 silly audit   'color-convert': [ '2.0.1', '1.9.3' ],
51 silly audit   'color-name': [ '1.1.4', '1.1.3' ],
51 silly audit   'has-flag': [ '4.0.0', '3.0.0' ],
51 silly audit   'lru-cache': [ '6.0.0', '5.1.1', '10.2.0' ],
51 silly audit   semver: [ '7.5.4', '7.5.3', '7.3.2', '5.7.2', '6.3.1' ],
51 silly audit   'supports-color': [ '7.2.0', '8.1.1', '5.5.0' ],
51 silly audit   yallist: [ '4.0.0', '3.1.1' ],
51 silly audit   '@expo/code-signing-certificates': [ '0.0.5' ],
51 silly audit   '@expo/config': [ '8.1.2', '7.0.3' ],
51 silly audit   '@expo/config-plugins': [ '7.2.5', '5.0.4' ],
51 silly audit   '@expo/json-file': [ '8.2.37', '8.3.0', '8.2.36' ],
51 silly audit   '@expo/config-types': [ '49.0.0', '47.0.0' ],
51 silly audit   '@expo/configure-splash-screen': [ '0.6.0' ],
51 silly audit   commander: [ '5.1.0', '9.5.0', '7.2.0', '4.1.1', '2.20.3', '2.13.0' ],
51 silly audit   'fs-extra': [ '9.1.0', '9.0.0', '8.1.0' ],
51 silly audit   jsonfile: [ '6.1.0', '4.0.0' ],
51 silly audit   universalify: [ '2.0.1', '1.0.0', '0.1.2' ],
51 silly audit   '@expo/dev-server': [ '0.5.5' ],
51 silly audit   '@expo/osascript': [ '2.0.33', '2.1.0' ],
51 silly audit   '@expo/devcert': [ '1.1.0' ],
51 silly audit   debug: [ '3.2.7', '2.6.9', '4.3.4' ],
51 silly audit   '@expo/env': [ '0.0.5' ],
51 silly audit   '@expo/image-utils': [ '0.3.22' ],
51 silly audit   'crypto-random-string': [ '1.0.0', '2.0.0' ],
51 silly audit   'temp-dir': [ '1.0.0', '2.0.0' ],
51 silly audit   tempy: [ '0.3.0', '0.7.1' ],
51 silly audit   'type-fest': [ '0.3.1', '3.13.1', '0.12.0', '0.7.1', '0.16.0', '0.21.3' ],
51 silly audit   'unique-string': [ '1.0.0', '2.0.0' ],
51 silly audit   '@expo/metro-config': [ '0.10.7' ],
51 silly audit   '@expo/package-manager': [ '1.1.2' ],
51 silly audit   'sudo-prompt': [ '9.1.1', '9.2.1', '8.2.5' ],
51 silly audit   '@expo/plist': [ '0.0.20', '0.0.18' ],
51 silly audit   '@expo/prebuild-config': [ '6.2.6', '5.0.7' ],
51 silly audit   '@expo/rudder-sdk-node': [ '1.1.1' ],
51 silly audit   '@expo/sdk-runtime-versions': [ '1.0.0' ],
51 silly audit   '@expo/spawn-async': [ '1.5.0' ],
51 silly audit   '@expo/vector-icons': [ '13.0.0' ],
51 silly audit   '@expo/xcpretty': [ '4.3.1' ],
51 silly audit   argparse: [ '2.0.1', '1.0.10' ],
51 silly audit   'js-yaml': [ '4.1.0', '3.14.1' ],
51 silly audit   '@gar/promisify': [ '1.1.3' ],
51 silly audit   '@graphql-typed-document-node/core': [ '3.2.0' ],
51 silly audit   '@hapi/hoek': [ '9.3.0' ],
51 silly audit   '@hapi/topo': [ '5.1.0' ],
51 silly audit   '@isaacs/cliui': [ '8.0.2' ],
51 silly audit   'ansi-regex': [ '6.0.1', '5.0.1', '4.1.1' ],
51 silly audit   'emoji-regex': [ '9.2.2', '8.0.0' ],
51 silly audit   'string-width': [ '5.1.2', '4.2.3' ],
51 silly audit   'strip-ansi': [ '7.1.0', '6.0.1', '5.2.0' ],
51 silly audit   'wrap-ansi': [ '8.1.0', '6.2.0', '7.0.0' ],
51 silly audit   '@jest/create-cache-key-function': [ '29.7.0' ],
51 silly audit   '@jest/types': [ '29.6.3', '26.6.2', '27.5.1' ],
51 silly audit   '@types/yargs': [ '17.0.32', '15.0.19', '16.0.9' ],
51 silly audit   '@jest/environment': [ '29.7.0' ],
51 silly audit   '@jest/fake-timers': [ '29.7.0' ],
51 silly audit   '@jest/schemas': [ '29.6.3' ],
51 silly audit   '@jridgewell/gen-mapping': [ '0.3.3' ],
51 silly audit   '@jridgewell/resolve-uri': [ '3.1.1' ],
51 silly audit   '@jridgewell/set-array': [ '1.1.2' ],
51 silly audit   '@jridgewell/source-map': [ '0.3.5' ],
51 silly audit   '@jridgewell/sourcemap-codec': [ '1.4.15' ],
51 silly audit   '@jridgewell/trace-mapping': [ '0.3.22' ],
51 silly audit   '@nodelib/fs.scandir': [ '2.1.5' ],
51 silly audit   '@nodelib/fs.stat': [ '2.0.5' ],
51 silly audit   '@nodelib/fs.walk': [ '1.2.8' ],
51 silly audit   '@npmcli/fs': [ '1.1.1' ],
51 silly audit   '@npmcli/move-file': [ '1.1.2' ],
51 silly audit   mkdirp: [ '1.0.4', '0.5.6' ],
51 silly audit   rimraf: [ '3.0.2', '2.4.5', '2.7.1', '2.6.3' ],
51 silly audit   '@pkgjs/parseargs': [ '0.11.0' ],
51 silly audit   '@polka/url': [ '1.0.0-next.24' ],
51 silly audit   '@react-native-community/cli': [ '11.3.7' ],
51 silly audit   '@react-native-community/cli-clean': [ '11.3.7' ],
51 silly audit   'cross-spawn': [ '7.0.3', '6.0.5' ],
51 silly audit   execa: [ '5.1.1', '1.0.0' ],
51 silly audit   'get-stream': [ '6.0.1', '4.1.0' ],
51 silly audit   'is-stream': [ '2.0.1', '1.1.0' ],
51 silly audit   'mimic-fn': [ '2.1.0', '1.2.0' ],
51 silly audit   'npm-run-path': [ '4.0.1', '2.0.2' ],
51 silly audit   onetime: [ '5.1.2', '2.0.1' ],
51 silly audit   'path-key': [ '3.1.1', '2.0.1' ],
51 silly audit   'shebang-command': [ '2.0.0', '1.2.0' ],
51 silly audit   'shebang-regex': [ '3.0.0', '1.0.0' ],
51 silly audit   which: [ '2.0.2', '1.3.1' ],
51 silly audit   '@react-native-community/cli-config': [ '11.3.7' ],
51 silly audit   '@react-native-community/cli-debugger-ui': [ '11.3.7' ],
51 silly audit   '@react-native-community/cli-doctor': [ '11.3.7' ],
51 silly audit   'cli-cursor': [ '3.1.0', '2.1.0' ],
51 silly audit   'log-symbols': [ '4.1.0', '2.2.0' ],
51 silly audit   ora: [ '5.4.1', '3.4.0' ],
51 silly audit   'restore-cursor': [ '3.1.0', '2.0.0' ],
51 silly audit   '@react-native-community/cli-hermes': [ '11.3.7' ],
51 silly audit   '@react-native-community/cli-platform-android': [ '11.3.7' ],
51 silly audit   '@react-native-community/cli-platform-ios': [ '11.3.7' ],
51 silly audit   '@react-native-community/cli-plugin-metro': [ '11.3.7' ],
51 silly audit   '@react-native-community/cli-server-api': [ '11.3.7' ],
51 silly audit   ws: [ '7.5.9', '6.2.2', '8.16.0' ],
51 silly audit   '@react-native-community/cli-tools': [ '11.3.7' ],
51 silly audit   'is-wsl': [ '1.1.0', '2.2.0' ],
51 silly audit   open: [ '6.4.0', '8.4.2' ],
51 silly audit   '@react-native-community/cli-types': [ '11.3.7' ],
51 silly audit   'find-up': [ '4.1.0', '5.0.0', '3.0.0' ],
51 silly audit   'locate-path': [ '5.0.0', '6.0.0', '3.0.0' ],
51 silly audit   'p-limit': [ '2.3.0', '3.1.0' ],
51 silly audit   'p-locate': [ '4.1.0', '5.0.0', '3.0.0' ],
51 silly audit   '@react-native-community/masked-view': [ '0.1.11' ],
51 silly audit   '@react-native/assets-registry': [ '0.72.0' ],
51 silly audit   '@react-native/codegen': [ '0.72.8' ],
51 silly audit   '@react-native/gradle-plugin': [ '0.72.11' ],
51 silly audit   '@react-native/js-polyfills': [ '0.72.1' ],
51 silly audit   '@react-native/normalize-color': [ '2.1.0' ],
51 silly audit   '@react-native/normalize-colors': [ '0.72.0' ],
51 silly audit   '@react-native/virtualized-lists': [ '0.72.8' ],
51 silly audit   '@react-navigation/bottom-tabs': [ '6.5.11' ],
51 silly audit   '@react-navigation/core': [ '6.4.10' ],
51 silly audit   '@react-navigation/drawer': [ '6.6.6' ],
51 silly audit   '@react-navigation/elements': [ '1.3.21' ],
51 silly audit   '@react-navigation/material-top-tabs': [ '6.6.5' ],
51 silly audit   '@react-navigation/native': [ '6.1.9' ],
51 silly audit   '@react-navigation/routers': [ '6.1.9' ],
51 silly audit   '@react-navigation/stack': [ '6.3.20' ],
51 silly audit   '@segment/loosely-validate-event': [ '2.0.0' ],
51 silly audit   '@sideway/address': [ '4.1.4' ],
51 silly audit   '@sideway/formula': [ '3.0.1' ],
51 silly audit   '@sideway/pinpoint': [ '2.0.0' ],
51 silly audit   '@sinclair/typebox': [ '0.27.8' ],
51 silly audit   '@sinonjs/commons': [ '3.0.1' ],
51 silly audit   '@sinonjs/fake-timers': [ '10.3.0' ],
51 silly audit   '@tinyhttp/accepts': [ '2.2.1' ],
51 silly audit   mime: [ '4.0.1', '2.6.0', '1.6.0' ],
51 silly audit   '@tinyhttp/app': [ '2.2.3' ],
51 silly audit   '@tinyhttp/content-disposition': [ '2.2.0' ],
51 silly audit   '@tinyhttp/content-type': [ '0.1.4' ],
51 silly audit   '@tinyhttp/cookie': [ '2.1.0' ],
51 silly audit   '@tinyhttp/cookie-signature': [ '2.1.0' ],
51 silly audit   '@tinyhttp/cors': [ '2.0.0' ],
51 silly audit   '@tinyhttp/encode-url': [ '2.1.1' ],
51 silly audit   '@tinyhttp/etag': [ '2.1.1' ],
51 silly audit   '@tinyhttp/forwarded': [ '2.1.2' ],
51 silly audit   '@tinyhttp/proxy-addr': [ '2.1.3' ],
51 silly audit   'ipaddr.js': [ '2.1.0', '1.9.1' ],
51 silly audit   '@tinyhttp/req': [ '2.2.2' ],
51 silly audit   '@tinyhttp/res': [ '2.2.2' ],
51 silly audit   '@tinyhttp/router': [ '2.2.2' ],
51 silly audit   '@tinyhttp/send': [ '2.2.1' ],
51 silly audit   '@tinyhttp/type-is': [ '2.2.2' ],
51 silly audit   '@tinyhttp/url': [ '2.1.1' ],
51 silly audit   '@tinyhttp/vary': [ '0.1.3' ],
51 silly audit   '@types/hammerjs': [ '2.0.45' ],
51 silly audit   '@types/istanbul-lib-coverage': [ '2.0.6' ],
51 silly audit   '@types/istanbul-lib-report': [ '3.0.3' ],
51 silly audit   '@types/istanbul-reports': [ '3.0.4' ],
51 silly audit   '@types/node': [ '20.11.9' ],
51 silly audit   '@types/prop-types': [ '15.7.11' ],
51 silly audit   '@types/react': [ '18.2.48' ],
51 silly audit   '@types/scheduler': [ '0.16.8' ],
51 silly audit   '@types/stack-utils': [ '2.0.3' ],
51 silly audit   '@types/yargs-parser': [ '21.0.3' ],
51 silly audit   '@urql/core': [ '2.3.6' ],
51 silly audit   '@urql/exchange-retry': [ '0.3.0' ],
51 silly audit   '@xmldom/xmldom': [ '0.7.13', '0.8.10' ],
51 silly audit   'abort-controller': [ '3.0.0' ],
51 silly audit   accepts: [ '1.3.8' ],
51 silly audit   acorn: [ '8.11.3' ],
51 silly audit   'agent-base': [ '6.0.2' ],
51 silly audit   'aggregate-error': [ '3.1.0' ],
51 silly audit   anser: [ '1.4.10' ],
51 silly audit   'ansi-escapes': [ '4.3.2' ],
51 silly audit   'ansi-fragments': [ '0.2.1' ],
51 silly audit   'any-promise': [ '1.3.0' ],
51 silly audit   anymatch: [ '3.1.3' ],
51 silly audit   appdirsjs: [ '1.2.7' ],
51 silly audit   'application-config-path': [ '0.1.1' ],
51 silly audit   arg: [ '4.1.0' ],
51 silly audit   'array-union': [ '2.1.0' ],
51 silly audit   asap: [ '2.0.6' ],
51 silly audit   'ast-types': [ '0.15.2' ],
51 silly audit   'astral-regex': [ '1.0.0' ],
51 silly audit   async: [ '3.2.5' ],
51 silly audit   'async-limiter': [ '1.0.1' ],
51 silly audit   asynckit: [ '0.4.0' ],
51 silly audit   'at-least-node': [ '1.0.0' ],
51 silly audit   axios: [ '1.6.7' ],
51 silly audit   'form-data': [ '4.0.0', '3.0.1' ],
51 silly audit   'babel-core': [ '7.0.0-bridge.0' ],
51 silly audit   'babel-plugin-module-resolver': [ '5.0.0' ],
51 silly audit   'brace-expansion': [ '2.0.1', '1.1.11' ],
51 silly audit   glob: [ '8.1.0', '7.1.6', '6.0.4', '10.3.10' ],
51 silly audit   minimatch: [ '5.1.6', '3.1.2', '9.0.3' ],
51 silly audit   'babel-plugin-polyfill-corejs2': [ '0.4.8' ],
51 silly audit   'babel-plugin-polyfill-corejs3': [ '0.9.0' ],
51 silly audit   'babel-plugin-polyfill-regenerator': [ '0.5.5' ],
51 silly audit   'babel-plugin-react-native-web': [ '0.18.12' ],
51 silly audit   'babel-plugin-syntax-trailing-function-commas': [ '7.0.0-beta.0' ],
51 silly audit   'babel-plugin-transform-flow-enums': [ '0.0.2' ],
51 silly audit   'babel-preset-expo': [ '9.5.2' ],
51 silly audit   'babel-preset-fbjs': [ '3.4.0' ],
51 silly audit   'balanced-match': [ '1.0.2' ],
51 silly audit   'base64-js': [ '1.5.1' ],
51 silly audit   'better-opn': [ '3.0.2' ],
51 silly audit   'big-integer': [ '1.6.52' ],
51 silly audit   'binary-extensions': [ '2.2.0' ],
51 silly audit   bl: [ '4.1.0' ],
51 silly audit   'readable-stream': [ '3.6.2', '2.3.8' ],
51 silly audit   'blueimp-md5': [ '2.19.0' ],
51 silly audit   'body-parser': [ '1.20.2' ],
51 silly audit   ms: [ '2.0.0', '2.1.2', '2.1.3' ],
51 silly audit   boolbase: [ '1.0.0' ],
51 silly audit   'bplist-creator': [ '0.1.0' ],
51 silly audit   'bplist-parser': [ '0.3.2', '0.3.1' ],
51 silly audit   braces: [ '3.0.2' ],
51 silly audit   browserslist: [ '4.22.3' ],
51 silly audit   bser: [ '2.1.1' ],
51 silly audit   buffer: [ '5.7.1' ],
51 silly audit   'buffer-alloc': [ '1.2.0' ],
51 silly audit   'buffer-alloc-unsafe': [ '1.1.0' ],
51 silly audit   'buffer-fill': [ '1.0.0' ],
51 silly audit   'buffer-from': [ '1.1.2' ],
51 silly audit   builtins: [ '1.0.3' ],
51 silly audit   bytes: [ '3.1.2', '3.0.0' ],
51 silly audit   cacache: [ '15.3.0' ],
51 silly audit   'call-bind': [ '1.0.5' ],
51 silly audit   'caller-callsite': [ '2.0.0' ],
51 silly audit   'caller-path': [ '2.0.0' ],
51 silly audit   callsites: [ '2.0.0' ],
51 silly audit   camelcase: [ '6.3.0', '5.3.1' ],
51 silly audit   'caniuse-lite': [ '1.0.30001581' ],
51 silly audit   'escape-string-regexp': [ '1.0.5', '4.0.0', '2.0.0' ],
51 silly audit   charenc: [ '0.0.2' ],
51 silly audit   chokidar: [ '3.5.3' ],
51 silly audit   chownr: [ '2.0.0' ],
51 silly audit   'ci-info': [ '3.9.0', '2.0.0' ],
51 silly audit   'clean-stack': [ '2.2.0' ],
51 silly audit   'cli-spinners': [ '2.9.2' ],
51 silly audit   cliui: [ '8.0.1', '6.0.0', '7.0.4' ],
51 silly audit   clone: [ '2.1.2', '1.0.4' ],
51 silly audit   'clone-deep': [ '4.0.1' ],
51 silly audit   color: [ '4.2.3' ],
51 silly audit   'color-string': [ '1.9.1' ],
51 silly audit   colorette: [ '1.4.0' ],
51 silly audit   'combined-stream': [ '1.0.8' ],
51 silly audit   'command-exists': [ '1.2.9' ],
51 silly audit   commondir: [ '1.0.1' ],
51 silly audit   'compare-versions': [ '3.6.0' ],
51 silly audit   'component-type': [ '1.2.2' ],
51 silly audit   compressible: [ '2.0.18' ],
51 silly audit   compression: [ '1.7.4' ],
51 silly audit   'concat-map': [ '0.0.1' ],
51 silly audit   connect: [ '3.7.0' ],
51 silly audit   'content-type': [ '1.0.5' ],
51 silly audit   'convert-source-map': [ '2.0.0' ],
51 silly audit   'core-js-compat': [ '3.35.1' ],
51 silly audit   'core-util-is': [ '1.0.3' ],
51 silly audit   cosmiconfig: [ '5.2.1' ],
51 silly audit   'cross-fetch': [ '3.1.8' ],
51 silly audit   crypt: [ '0.0.2' ],
51 silly audit   'css-select': [ '5.1.0' ],
51 silly audit   'css-tree': [ '1.1.3' ],
51 silly audit   'source-map': [ '0.6.1', '0.5.7', '0.7.4' ],
51 silly audit   'css-what': [ '6.1.0' ],
51 silly audit   csstype: [ '3.1.3' ],
51 silly audit   'dag-map': [ '1.0.2' ],
51 silly audit   dayjs: [ '1.11.10' ],
51 silly audit   decamelize: [ '1.2.0' ],
51 silly audit   'decode-uri-component': [ '0.2.2' ],
51 silly audit   'deep-extend': [ '0.6.0' ],
51 silly audit   deepmerge: [ '4.3.1' ],
51 silly audit   'default-gateway': [ '4.2.0' ],
51 silly audit   defaults: [ '1.0.4' ],
51 silly audit   'define-data-property': [ '1.1.1' ],
51 silly audit   'define-lazy-prop': [ '2.0.0' ],
51 silly audit   del: [ '6.1.1' ],
51 silly audit   'delayed-stream': [ '1.0.0' ],
51 silly audit   denodeify: [ '1.2.1' ],
51 silly audit   depd: [ '2.0.0' ],
51 silly audit   'deprecated-react-native-prop-types': [ '4.1.0' ],
51 silly audit   destroy: [ '1.2.0' ],
51 silly audit   'detect-libc': [ '1.0.3' ],
51 silly audit   'dir-glob': [ '3.0.1' ],
51 silly audit   'dom-serializer': [ '2.0.0' ],
51 silly audit   domelementtype: [ '2.3.0' ],
51 silly audit   domhandler: [ '5.0.3' ],
51 silly audit   domutils: [ '3.1.0' ],
51 silly audit   'dot-prop': [ '8.0.2' ],
51 silly audit   dotenv: [ '16.0.3' ],
51 silly audit   'dotenv-expand': [ '10.0.0' ],
51 silly audit   eastasianwidth: [ '0.2.0' ],
51 silly audit   'ee-first': [ '1.1.1' ],
51 silly audit   'electron-to-chromium': [ '1.4.648' ],
51 silly audit   encodeurl: [ '1.0.2' ],
51 silly audit   'end-of-stream': [ '1.4.4' ],
51 silly audit   entities: [ '4.5.0' ],
51 silly audit   'env-editor': [ '0.4.2' ],
51 silly audit   envinfo: [ '7.11.0' ],
51 silly audit   eol: [ '0.9.1' ],
51 silly audit   'error-ex': [ '1.3.2' ],
51 silly audit   'error-stack-parser': [ '2.1.4' ],
51 silly audit   errorhandler: [ '1.5.1' ],
51 silly audit   'es-escape-html': [ '0.1.1' ],
51 silly audit   'es-vary': [ '0.1.2' ],
51 silly audit   escalade: [ '3.1.1' ],
51 silly audit   'escape-html': [ '1.0.3' ],
51 silly audit   esprima: [ '4.0.1' ],
51 silly audit   esutils: [ '2.0.3' ],
51 silly audit   eta: [ '3.2.0' ],
51 silly audit   etag: [ '1.8.1' ],
51 silly audit   'event-target-shim': [ '5.0.1' ],
51 silly audit   'exec-async': [ '2.2.0' ],
51 silly audit   expo: [ '49.0.22' ],
51 silly audit   'expo-app-loading': [ '2.1.1' ],
51 silly audit   'expo-application': [ '5.3.1' ],
51 silly audit   'expo-asset': [ '8.10.1' ],
51 silly audit   'expo-constants': [ '14.4.2' ],
51 silly audit   'expo-file-system': [ '15.4.5' ],
51 silly audit   'expo-font': [ '11.4.0' ],
51 silly audit   'expo-keep-awake': [ '12.3.0' ],
51 silly audit   'expo-modules-autolinking': [ '1.5.1' ],
51 silly audit   'expo-modules-core': [ '1.5.13' ],
51 silly audit   'expo-splash-screen': [ '0.17.5' ],
51 silly audit   json5: [ '1.0.2', '2.2.3' ],
51 silly audit   xml2js: [ '0.4.23', '0.6.0' ],
51 silly audit   xmlbuilder: [ '11.0.1', '15.1.1', '14.0.0' ],
51 silly audit   'expo-status-bar': [ '1.6.0' ],
51 silly audit   'fast-deep-equal': [ '3.1.3' ],
51 silly audit   'fast-glob': [ '3.3.2' ],
51 silly audit   'fast-xml-parser': [ '4.3.3' ],
51 silly audit   fastq: [ '1.17.0' ],
51 silly audit   'fb-watchman': [ '2.0.2' ],
51 silly audit   fbemitter: [ '3.0.0' ],
51 silly audit   fbjs: [ '3.0.5' ],
51 silly audit   'fbjs-css-vars': [ '1.0.2' ],
51 silly audit   'fetch-retry': [ '4.1.1' ],
51 silly audit   'fill-range': [ '7.0.1' ],
51 silly audit   'filter-obj': [ '1.1.0' ],
51 silly audit   finalhandler: [ '1.1.2' ],
51 silly audit   'on-finished': [ '2.3.0', '2.4.1' ],
51 silly audit   'find-babel-config': [ '2.0.0' ],
51 silly audit   'find-cache-dir': [ '2.1.0' ],
51 silly audit   'find-yarn-workspace-root': [ '2.0.0' ],
51 silly audit   'flow-enums-runtime': [ '0.0.5' ],
51 silly audit   'flow-parser': [ '0.206.0' ],
51 silly audit   'follow-redirects': [ '1.15.5' ],
51 silly audit   fontfaceobserver: [ '2.3.0' ],
51 silly audit   'foreground-child': [ '3.1.1' ],
51 silly audit   'signal-exit': [ '4.1.0', '3.0.7' ],
51 silly audit   'freeport-async': [ '2.0.0' ],
51 silly audit   fresh: [ '0.5.2' ],
51 silly audit   'fs-minipass': [ '2.1.0' ],
51 silly audit   'fs.realpath': [ '1.0.0' ],
51 silly audit   fsevents: [ '2.3.3' ],
51 silly audit   'function-bind': [ '1.1.2' ],
51 silly audit   gensync: [ '1.0.0-beta.2' ],
51 silly audit   'get-caller-file': [ '2.0.5' ],
51 silly audit   'get-intrinsic': [ '1.2.2' ],
51 silly audit   'get-port': [ '3.2.0' ],
51 silly audit   getenv: [ '1.0.0' ],
51 silly audit   'glob-parent': [ '5.1.2' ],
51 silly audit   globals: [ '11.12.0' ],
51 silly audit   globby: [ '11.1.0' ],
51 silly audit   gopd: [ '1.0.1' ],
51 silly audit   'graceful-fs': [ '4.2.11' ],
51 silly audit   graphql: [ '15.8.0' ],
51 silly audit   'graphql-tag': [ '2.12.6' ],
51 silly audit   'has-property-descriptors': [ '1.0.1' ],
51 silly audit   'has-proto': [ '1.0.1' ],
51 silly audit   'has-symbols': [ '1.0.3' ],
51 silly audit   hasown: [ '2.0.0' ],
51 silly audit   'header-range-parser': [ '1.1.3' ],
51 silly audit   'hermes-estree': [ '0.12.0' ],
51 silly audit   'hermes-parser': [ '0.12.0' ],
51 silly audit   'hermes-profile-transformer': [ '0.0.6' ],
51 silly audit   'hoist-non-react-statics': [ '3.3.2' ],
51 silly audit   'hosted-git-info': [ '3.0.8' ],
51 silly audit   'http-errors': [ '2.0.0' ],
51 silly audit   statuses: [ '2.0.1', '1.5.0' ],
51 silly audit   'https-proxy-agent': [ '5.0.1' ],
51 silly audit   'human-signals': [ '2.1.0' ],
51 silly audit   'iconsax-react-native': [ '0.0.8' ],
51 silly audit   'iconv-lite': [ '0.4.24' ],
51 silly audit   ieee754: [ '1.2.1' ],
51 silly audit   ignore: [ '5.3.0' ],
51 silly audit   'image-size': [ '1.1.1' ],
51 silly audit   'import-fresh': [ '2.0.0' ],
51 silly audit   'resolve-from': [ '3.0.0', '5.0.0' ],
51 silly audit   imurmurhash: [ '0.1.4' ],
51 silly audit   'indent-string': [ '4.0.0' ],
51 silly audit   'infer-owner': [ '1.0.4' ],
51 silly audit   inflection: [ '3.0.0' ],
51 silly audit   inflight: [ '1.0.6' ],
51 silly audit   inherits: [ '2.0.4' ],
51 silly audit   ini: [ '1.3.8' ],
51 silly audit   'internal-ip': [ '4.3.0' ],
51 silly audit   invariant: [ '2.2.4' ],
51 silly audit   ip: [ '1.1.8' ],
51 silly audit   'ip-regex': [ '2.1.0' ],
51 silly audit   'is-arrayish': [ '0.2.1', '0.3.2' ],
51 silly audit   'is-binary-path': [ '2.1.0' ],
51 silly audit   'is-buffer': [ '1.1.6' ],
51 silly audit   'is-core-module': [ '2.13.1' ],
51 silly audit   'is-directory': [ '0.3.1' ],
51 silly audit   'is-docker': [ '2.2.1' ],
51 silly audit   'is-extglob': [ '2.1.1', '1.0.0' ],
51 silly audit   'is-fullwidth-code-point': [ '2.0.0', '3.0.0' ],
51 silly audit   'is-glob': [ '4.0.3', '2.0.1' ],
51 silly audit   'is-interactive': [ '1.0.0' ],
51 silly audit   'is-invalid-path': [ '0.1.0' ],
51 silly audit   'is-number': [ '7.0.0' ],
51 silly audit   'is-path-cwd': [ '2.2.0' ],
51 silly audit   'is-path-inside': [ '3.0.3' ],
51 silly audit   'is-plain-object': [ '2.0.4' ],
51 silly audit   'is-unicode-supported': [ '0.1.0' ],
51 silly audit   'is-valid-path': [ '0.1.1' ],
51 silly audit   isarray: [ '1.0.0' ],
51 silly audit   isexe: [ '2.0.0' ],
51 silly audit   isobject: [ '3.0.1' ],
51 silly audit   jackspeak: [ '2.3.6' ],
51 silly audit   'jest-environment-node': [ '29.7.0' ],
51 silly audit   'jest-get-type': [ '29.6.3' ],
51 silly audit   'jest-message-util': [ '29.7.0' ],
51 silly audit   'pretty-format': [ '29.7.0', '26.6.2' ],
51 silly audit   'react-is': [ '18.2.0', '17.0.2', '16.13.1' ],
51 silly audit   'jest-mock': [ '29.7.0' ],
51 silly audit   'jest-regex-util': [ '27.5.1' ],
51 silly audit   'jest-util': [ '29.7.0', '27.5.1' ],
51 silly audit   'jest-validate': [ '29.7.0' ],
51 silly audit   'jest-worker': [ '27.5.1' ],
51 silly audit   'jimp-compact': [ '0.16.1' ],
51 silly audit   joi: [ '17.12.0' ],
51 silly audit   'join-component': [ '1.1.0' ],
51 silly audit   'js-tokens': [ '4.0.0' ],
51 silly audit   'jsc-android': [ '250231.0.0' ],
51 silly audit   'jsc-safe-url': [ '0.2.4' ],
51 silly audit   jscodeshift: [ '0.14.0' ],
51 silly audit   jsesc: [ '2.5.2', '0.5.0' ],
51 silly audit   'json-parse-better-errors': [ '1.0.2' ],
51 silly audit   'json-schema-deref-sync': [ '0.13.0' ],
51 silly audit   md5: [ '2.2.1', '2.3.0' ],
51 silly audit   'kind-of': [ '6.0.3' ],
51 silly audit   kleur: [ '3.0.3' ],
51 silly audit   leven: [ '3.1.0' ],
51 silly audit   lightningcss: [ '1.19.0' ],
51 silly audit   'lightningcss-darwin-arm64': [ '1.19.0' ],
51 silly audit   'lightningcss-darwin-x64': [ '1.19.0' ],
51 silly audit   'lightningcss-linux-arm-gnueabihf': [ '1.19.0' ],
51 silly audit   'lightningcss-linux-arm64-gnu': [ '1.19.0' ],
51 silly audit   'lightningcss-linux-arm64-musl': [ '1.19.0' ],
51 silly audit   'lightningcss-linux-x64-gnu': [ '1.19.0' ],
51 silly audit   'lightningcss-linux-x64-musl': [ '1.19.0' ],
51 silly audit   'lightningcss-win32-x64-msvc': [ '1.19.0' ],
51 silly audit   'lines-and-columns': [ '1.2.4' ],
51 silly audit   lodash: [ '4.17.21' ],
51 silly audit   'lodash.debounce': [ '4.0.8' ],
51 silly audit   'lodash.throttle': [ '4.1.1' ],
51 silly audit   logkitty: [ '0.7.1' ],
51 silly audit   y18n: [ '4.0.3', '5.0.8' ],
51 silly audit   yargs: [ '15.4.1', '16.2.0', '17.7.2' ],
51 silly audit   'yargs-parser': [ '18.1.3', '20.2.9', '21.1.1' ],
51 silly audit   'loose-envify': [ '1.4.0' ],
51 silly audit   lowdb: [ '7.0.1' ],
51 silly audit   'make-dir': [ '2.1.0' ],
51 silly audit   makeerror: [ '1.0.12' ],
51 silly audit   'md5-file': [ '3.2.3' ],
51 silly audit   md5hex: [ '1.0.0' ],
51 silly audit   'mdn-data': [ '2.0.14' ],
51 silly audit   'media-typer': [ '0.3.0' ],
51 silly audit   'memoize-one': [ '5.2.1' ],
51 silly audit   'memory-cache': [ '0.2.0' ],
51 silly audit   'merge-stream': [ '2.0.0' ],
51 silly audit   merge2: [ '1.4.1' ],
51 silly audit   metro: [ '0.76.8' ],
51 silly audit   'metro-babel-transformer': [ '0.76.8' ],
51 silly audit   'metro-cache': [ '0.76.8' ],
51 silly audit   'metro-cache-key': [ '0.76.8' ],
51 silly audit   'metro-config': [ '0.76.8' ],
51 silly audit   'metro-core': [ '0.76.8' ],
51 silly audit   'metro-file-map': [ '0.76.8' ],
51 silly audit   'metro-inspector-proxy': [ '0.76.8' ],
51 silly audit   'metro-minify-terser': [ '0.76.8' ],
51 silly audit   'metro-minify-uglify': [ '0.76.8' ],
51 silly audit   'metro-react-native-babel-preset': [ '0.76.8' ],
51 silly audit   'metro-react-native-babel-transformer': [ '0.76.8' ],
51 silly audit   'metro-resolver': [ '0.76.8' ],
51 silly audit   'metro-runtime': [ '0.76.8' ],
51 silly audit   'metro-source-map': [ '0.76.8' ],
51 silly audit   'metro-symbolicate': [ '0.76.8' ],
51 silly audit   'metro-transform-plugins': [ '0.76.8' ],
51 silly audit   'metro-transform-worker': [ '0.76.8' ],
51 silly audit   'serialize-error': [ '2.1.0', '6.0.0' ],
51 silly audit   micromatch: [ '4.0.5' ],
51 silly audit   milliparsec: [ '2.3.0' ],
51 silly audit   'mime-db': [ '1.52.0' ],
51 silly audit   'mime-types': [ '2.1.35' ],
51 silly audit   minimist: [ '1.2.8' ],
51 silly audit   minipass: [ '3.1.6', '7.0.4', '5.0.0' ],
51 silly audit   'minipass-collect': [ '1.0.2' ],
51 silly audit   'minipass-flush': [ '1.0.5' ],
51 silly audit   'minipass-pipeline': [ '1.2.4' ],
51 silly audit   minizlib: [ '2.1.2' ],
51 silly audit   mrmime: [ '2.0.0' ],
51 silly audit   mv: [ '2.1.1' ],
51 silly audit   mz: [ '2.7.0' ],
51 silly audit   nanoid: [ '3.3.7' ],
51 silly audit   ncp: [ '2.0.0' ],
51 silly audit   negotiator: [ '0.6.3' ],
51 silly audit   'neo-async': [ '2.6.2' ],
51 silly audit   'nested-error-stacks': [ '2.0.1' ],
51 silly audit   'nice-try': [ '1.0.5' ],
51 silly audit   nocache: [ '3.0.4' ],
51 silly audit   'node-abort-controller': [ '3.1.1' ],
51 silly audit   'node-dir': [ '0.1.17' ],
51 silly audit   'node-fetch': [ '2.7.0' ],
51 silly audit   'node-forge': [ '1.3.1' ],
51 silly audit   'node-int64': [ '0.4.0' ],
51 silly audit   'node-releases': [ '2.0.14' ],
51 silly audit   'node-stream-zip': [ '1.15.0' ],
51 silly audit   'normalize-path': [ '3.0.0' ],
51 silly audit   'npm-package-arg': [ '7.0.0' ],
51 silly audit   'nth-check': [ '2.1.1' ],
51 silly audit   nullthrows: [ '1.1.1' ],
51 silly audit   ob1: [ '0.76.8' ],
51 silly audit   'object-assign': [ '4.1.1' ],
51 silly audit   'object-inspect': [ '1.13.1' ],
51 silly audit   'on-headers': [ '1.0.2' ],
51 silly audit   once: [ '1.4.0' ],
51 silly audit   'os-homedir': [ '1.0.2' ],
51 silly audit   'os-tmpdir': [ '1.0.2' ],
51 silly audit   osenv: [ '0.1.5' ],
51 silly audit   'p-finally': [ '1.0.0' ],
51 silly audit   'p-map': [ '4.0.0' ],
51 silly audit   'p-try': [ '2.2.0' ],
51 silly audit   'parse-json': [ '4.0.0' ],
51 silly audit   'parse-png': [ '2.1.0' ],
51 silly audit   pngjs: [ '3.4.0', '5.0.0' ],
51 silly audit   parseurl: [ '1.3.3' ],
51 silly audit   'password-prompt': [ '1.1.3' ],
51 silly audit   'path-browserify': [ '1.0.1' ],
51 silly audit   'path-exists': [ '4.0.0', '3.0.0' ],
51 silly audit   'path-is-absolute': [ '1.0.1' ],
51 silly audit   'path-parse': [ '1.0.7' ],
51 silly audit   'path-scurry': [ '1.10.1' ],
51 silly audit   'path-type': [ '4.0.0' ],
51 silly audit   picocolors: [ '1.0.0' ],
51 silly audit   picomatch: [ '2.3.1' ],
51 silly audit   pify: [ '4.0.1' ],
51 silly audit   pirates: [ '4.0.6' ],
51 silly audit   'pkg-dir': [ '3.0.0' ],
51 silly audit   'pkg-up': [ '3.1.0' ],
51 silly audit   plist: [ '3.1.0' ],
51 silly audit   postcss: [ '8.4.33' ],
51 silly audit   'pretty-bytes': [ '5.6.0' ],
51 silly audit   'process-nextick-args': [ '2.0.1' ],
51 silly audit   progress: [ '2.0.3' ],
51 silly audit   promise: [ '7.3.1', '8.3.0' ],
51 silly audit   'promise-inflight': [ '1.0.1' ],
51 silly audit   prompts: [ '2.4.2' ],
51 silly audit   'prop-types': [ '15.8.1' ],
51 silly audit   'proxy-from-env': [ '1.1.0' ],
51 silly audit   pump: [ '3.0.0' ],
51 silly audit   'qrcode-terminal': [ '0.11.0' ],
51 silly audit   qs: [ '6.11.0' ],
51 silly audit   'query-string': [ '7.1.3' ],
51 silly audit   querystringify: [ '2.2.0' ],
51 silly audit   queue: [ '6.0.2' ],
51 silly audit   'queue-microtask': [ '1.2.3' ],
51 silly audit   'range-parser': [ '1.2.1' ],
51 silly audit   'raw-body': [ '2.5.2' ],
51 silly audit   rc: [ '1.2.8' ],
51 silly audit   react: [ '18.2.0' ],
51 silly audit   'react-devtools-core': [ '4.28.5' ],
51 silly audit   'react-freeze': [ '1.0.3' ],
51 silly audit   'react-native': [ '0.72.6' ],
51 silly audit   'react-native-gesture-handler': [ '2.12.1' ],
51 silly audit   'react-native-pager-view': [ '6.2.0' ],
51 silly audit   'react-native-reanimated': [ '3.3.0' ],
51 silly audit   'react-native-safe-area-context': [ '4.6.3' ],
51 silly audit   'react-native-screens': [ '3.22.1' ],
51 silly audit   'react-native-svg': [ '14.1.0' ],
51 silly audit   'react-native-tab-view': [ '3.5.2' ],
51 silly audit   'react-native-vector-icons': [ '10.0.3' ],
51 silly audit   'regenerator-runtime': [ '0.13.11', '0.14.1' ],
51 silly audit   'react-refresh': [ '0.4.3' ],
51 silly audit   'react-shallow-renderer': [ '16.15.0' ],
51 silly audit   readdirp: [ '3.6.0' ],
51 silly audit   readline: [ '1.3.0' ],
51 silly audit   recast: [ '0.21.5' ],
51 silly audit   regenerate: [ '1.4.2' ],
51 silly audit   'regenerate-unicode-properties': [ '10.1.1' ],
51 silly audit   'regenerator-transform': [ '0.15.2' ],
51 silly audit   regexparam: [ '2.0.2' ],
51 silly audit   'regexpu-core': [ '5.3.2' ],
51 silly audit   regjsparser: [ '0.9.1' ],
51 silly audit   'remove-trailing-slash': [ '0.1.1' ],
51 silly audit   'require-directory': [ '2.1.1' ],
51 silly audit   'require-from-string': [ '2.0.2' ],
51 silly audit   'require-main-filename': [ '2.0.0' ],
51 silly audit   requireg: [ '0.2.2' ],
51 silly audit   resolve: [ '1.7.1', '1.22.8' ],
51 silly audit   'requires-port': [ '1.0.0' ],
51 silly audit   reselect: [ '4.1.8' ],
51 silly audit   reusify: [ '1.0.4' ],
51 silly audit   'run-parallel': [ '1.2.0' ],
51 silly audit   'safe-buffer': [ '5.1.2' ],
51 silly audit   'safe-json-stringify': [ '1.2.0' ],
51 silly audit   'safer-buffer': [ '2.1.2' ],
51 silly audit   sax: [ '1.3.0' ],
51 silly audit   scheduler: [ '0.24.0-canary-efb381bbf-20230505' ],
51 silly audit   send: [ '0.18.0' ],
51 silly audit   'serve-static': [ '1.15.0' ],
51 silly audit   'set-blocking': [ '2.0.0' ],
51 silly audit   'set-function-length': [ '1.2.0' ],
51 silly audit   setimmediate: [ '1.0.5' ],
51 silly audit   setprototypeof: [ '1.2.0' ],
51 silly audit   'shallow-clone': [ '3.0.1' ],
51 silly audit   'shell-quote': [ '1.8.1' ],
51 silly audit   'side-channel': [ '1.0.4' ],
51 silly audit   'simple-plist': [ '1.3.1' ],
51 silly audit   'simple-swizzle': [ '0.2.2' ],
51 silly audit   sirv: [ '2.0.4' ],
51 silly audit   sisteransi: [ '1.0.5' ],
51 silly audit   slash: [ '3.0.0' ],
51 silly audit   'slice-ansi': [ '2.1.0' ],
51 silly audit   slugify: [ '1.6.6' ],
51 silly audit   'sort-on': [ '6.0.0' ],
51 silly audit   'source-map-js': [ '1.0.2' ],
51 silly audit   'source-map-support': [ '0.5.21' ],
51 silly audit   split: [ '1.0.1' ],
51 silly audit   'split-on-first': [ '1.1.0' ],
51 silly audit   'sprintf-js': [ '1.0.3' ],
51 silly audit   ssri: [ '8.0.1' ],
51 silly audit   'stack-utils': [ '2.0.6' ],
51 silly audit   stackframe: [ '1.3.4' ],
51 silly audit   'stacktrace-parser': [ '0.1.10' ],
51 silly audit   steno: [ '4.0.2' ],
51 silly audit   'stream-buffers': [ '2.2.0' ],
51 silly audit   'strict-uri-encode': [ '2.0.0' ],
51 silly audit   string_decoder: [ '1.1.1' ],
51 silly audit   'strip-eof': [ '1.0.0' ],
51 silly audit   'strip-final-newline': [ '2.0.0' ],
51 silly audit   'strip-json-comments': [ '2.0.1' ],
51 silly audit   strnum: [ '1.0.5' ],
51 silly audit   'structured-headers': [ '0.4.1' ],
51 silly audit   sucrase: [ '3.35.0' ],
51 silly audit   'supports-hyperlinks': [ '2.3.0' ],
51 silly audit   'supports-preserve-symlinks-flag': [ '1.0.0' ],
51 silly audit   tar: [ '6.2.0' ],
51 silly audit   temp: [ '0.8.4' ],
51 silly audit   'terminal-link': [ '2.1.1' ],
51 silly audit   terser: [ '5.27.0' ],
51 silly audit   'text-table': [ '0.2.0' ],
51 silly audit   thenify: [ '3.3.1' ],
51 silly audit   'thenify-all': [ '1.6.0' ],
51 silly audit   throat: [ '5.0.0' ],
51 silly audit   through: [ '2.3.8' ],
51 silly audit   through2: [ '2.0.5' ],
51 silly audit   tmp: [ '0.0.33' ],
51 silly audit   tmpl: [ '1.0.5' ],
51 silly audit   'to-fast-properties': [ '2.0.0' ],
51 silly audit   'to-regex-range': [ '5.0.1' ],
51 silly audit   toidentifier: [ '1.0.1' ],
51 silly audit   totalist: [ '3.0.1' ],
51 silly audit   tr46: [ '0.0.3' ],
51 silly audit   traverse: [ '0.6.8' ],
51 silly audit   'ts-interface-checker': [ '0.1.13' ],
51 silly audit   tslib: [ '2.6.2' ],
51 silly audit   'type-detect': [ '4.0.8' ],
51 silly audit   'type-is': [ '1.6.18' ],
51 silly audit   typescript: [ '5.3.3' ],
51 silly audit   'ua-parser-js': [ '1.0.37' ],
51 silly audit   'uglify-es': [ '3.3.9' ],
51 silly audit   'undici-types': [ '5.26.5' ],
51 silly audit   'unicode-canonical-property-names-ecmascript': [ '2.0.0' ],
51 silly audit   'unicode-match-property-ecmascript': [ '2.0.0' ],
51 silly audit   'unicode-match-property-value-ecmascript': [ '2.1.0' ],
51 silly audit   'unicode-property-aliases-ecmascript': [ '2.1.0' ],
51 silly audit   'unique-filename': [ '1.1.1' ],
51 silly audit   'unique-slug': [ '2.0.2' ],
51 silly audit   unpipe: [ '1.0.0' ],
51 silly audit   'update-browserslist-db': [ '1.0.13' ],
51 silly audit   'url-join': [ '4.0.0' ],
51 silly audit   'url-parse': [ '1.5.10' ],
51 silly audit   'use-latest-callback': [ '0.1.9' ],
51 silly audit   'use-sync-external-store': [ '1.2.0' ],
51 silly audit   'util-deprecate': [ '1.0.2' ],
51 silly audit   'utils-merge': [ '1.0.1' ],
51 silly audit   'valid-url': [ '1.0.9' ],
51 silly audit   'validate-npm-package-name': [ '3.0.0' ],
51 silly audit   vary: [ '1.1.2' ],
51 silly audit   vlq: [ '1.0.1' ],
51 silly audit   walker: [ '1.0.8' ],
51 silly audit   'warn-once': [ '0.1.1' ],
51 silly audit   wcwidth: [ '1.0.1' ],
51 silly audit   'webidl-conversions': [ '3.0.1' ],
51 silly audit   'whatwg-fetch': [ '3.6.20' ],
51 silly audit   'whatwg-url': [ '5.0.0' ],
51 silly audit   'which-module': [ '2.0.1' ],
51 silly audit   wonka: [ '4.0.15' ],
51 silly audit   wrappy: [ '1.0.2' ],
51 silly audit   'write-file-atomic': [ '2.4.3' ],
51 silly audit   xcode: [ '3.0.1' ],
51 silly audit   'xml-js': [ '1.6.11' ],
51 silly audit   xtend: [ '4.0.2' ],
51 silly audit   yaml: [ '2.3.4' ],
51 silly audit   'yocto-queue': [ '0.1.0' ],
51 silly audit   'json-server': [ '1.0.0-alpha.23' ]
51 silly audit }
52 verbose reify failed optional dependency E:\CRO101_FullLabReactNative1\node_modules\lightningcss-linux-x64-musl
53 silly reify mark deleted [
53 silly reify   'E:\\CRO101_FullLabReactNative1\\node_modules\\lightningcss-linux-x64-musl'
53 silly reify ]
54 verbose reify failed optional dependency E:\CRO101_FullLabReactNative1\node_modules\lightningcss-linux-x64-gnu
55 silly reify mark deleted [
55 silly reify   'E:\\CRO101_FullLabReactNative1\\node_modules\\lightningcss-linux-x64-gnu'
55 silly reify ]
56 verbose reify failed optional dependency E:\CRO101_FullLabReactNative1\node_modules\lightningcss-linux-arm64-musl
57 silly reify mark deleted [
57 silly reify   'E:\\CRO101_FullLabReactNative1\\node_modules\\lightningcss-linux-arm64-musl'
57 silly reify ]
58 verbose reify failed optional dependency E:\CRO101_FullLabReactNative1\node_modules\lightningcss-linux-arm64-gnu
59 silly reify mark deleted [
59 silly reify   'E:\\CRO101_FullLabReactNative1\\node_modules\\lightningcss-linux-arm64-gnu'
59 silly reify ]
60 verbose reify failed optional dependency E:\CRO101_FullLabReactNative1\node_modules\lightningcss-linux-arm-gnueabihf
61 silly reify mark deleted [
61 silly reify   'E:\\CRO101_FullLabReactNative1\\node_modules\\lightningcss-linux-arm-gnueabihf'
61 silly reify ]
62 verbose reify failed optional dependency E:\CRO101_FullLabReactNative1\node_modules\lightningcss-darwin-x64
63 silly reify mark deleted [
63 silly reify   'E:\\CRO101_FullLabReactNative1\\node_modules\\lightningcss-darwin-x64'
63 silly reify ]
64 verbose reify failed optional dependency E:\CRO101_FullLabReactNative1\node_modules\lightningcss-darwin-arm64
65 silly reify mark deleted [
65 silly reify   'E:\\CRO101_FullLabReactNative1\\node_modules\\lightningcss-darwin-arm64'
65 silly reify ]
66 verbose reify failed optional dependency E:\CRO101_FullLabReactNative1\node_modules\fsevents
67 silly reify mark deleted [ 'E:\\CRO101_FullLabReactNative1\\node_modules\\fsevents' ]
68 timing reifyNode:node_modules/lightningcss-linux-x64-musl Completed in 11ms
69 timing reifyNode:node_modules/lightningcss-linux-x64-gnu Completed in 12ms
70 timing reifyNode:node_modules/lightningcss-linux-arm64-musl Completed in 11ms
71 timing reifyNode:node_modules/lightningcss-linux-arm64-gnu Completed in 11ms
72 timing reifyNode:node_modules/lightningcss-linux-arm-gnueabihf Completed in 11ms
73 timing reifyNode:node_modules/lightningcss-darwin-x64 Completed in 11ms
74 timing reifyNode:node_modules/lightningcss-darwin-arm64 Completed in 12ms
75 timing reifyNode:node_modules/fsevents Completed in 11ms
76 timing reify:unpack Completed in 14ms
77 timing reify:unretire Completed in 0ms
78 timing build:queue Completed in 3ms
79 timing build:deps Completed in 4ms
80 timing build Completed in 4ms
81 timing reify:build Completed in 6ms
82 timing reify:trash Completed in 3ms
83 http fetch POST 200 https://registry.npmjs.org/-/npm/v1/security/advisories/bulk 1258ms
84 timing auditReport:getReport Completed in 1297ms
85 silly audit report {
85 silly audit report   semver: [
85 silly audit report     {
85 silly audit report       id: 1096482,
85 silly audit report       url: 'https://github.com/advisories/GHSA-c2qf-rxjj-qqgw',
85 silly audit report       title: 'semver vulnerable to Regular Expression Denial of Service',
85 silly audit report       severity: 'moderate',
85 silly audit report       vulnerable_versions: '>=7.0.0 <7.5.2',
85 silly audit report       cwe: [Array],
85 silly audit report       cvss: [Object]
85 silly audit report     }
85 silly audit report   ],
85 silly audit report   xml2js: [
85 silly audit report     {
85 silly audit report       id: 1092301,
85 silly audit report       url: 'https://github.com/advisories/GHSA-776f-qx25-q3cc',
85 silly audit report       title: 'xml2js is vulnerable to prototype pollution',
85 silly audit report       severity: 'moderate',
85 silly audit report       vulnerable_versions: '<0.5.0',
85 silly audit report       cwe: [Array],
85 silly audit report       cvss: [Object]
85 silly audit report     }
85 silly audit report   ],
85 silly audit report   ip: [
85 silly audit report     {
85 silly audit report       id: 1096518,
85 silly audit report       url: 'https://github.com/advisories/GHSA-78xj-cgh5-2h22',
85 silly audit report       title: 'NPM IP package incorrectly identifies some private IP addresses as public',
85 silly audit report       severity: 'moderate',
85 silly audit report       vulnerable_versions: '<1.1.9',
85 silly audit report       cwe: [],
85 silly audit report       cvss: [Object]
85 silly audit report     }
85 silly audit report   ]
85 silly audit report }
86 timing reify:save Completed in 1239ms
87 timing metavuln:cache:get:security-advisory:semver:g1vJG11wXBTamuqcp6anLd2yC0AnCjlhaLFglyJx4rEfKLK+YF116HpQw1CsB0bwCPUkxcSemSBkmLIdEXe6xw== Completed in 735ms
88 timing metavuln:cache:get:security-advisory:xml2js:ixGKvLytxENoELPtQ7Jfj+DUT454F6CaTU/ERD5wiTnwMVFoo9YFtr10osyPOYff4xsxGKOlqM3/qGPOZhALTQ== Completed in 735ms
89 timing metavuln:cache:get:security-advisory:ip:TPb5l0pmkJJnQLMA/sob8c0T76c0YLyVraahWx69h4UGHVDbnGA0SLgHjUqC357f5B6FY8gqUkfH3Q7NodN6iQ== Completed in 736ms
90 http fetch GET 200 https://registry.npmjs.org/npm 5480ms (cache miss)
91 http fetch GET 200 https://registry.npmjs.org/xml2js 872ms (cache miss)
92 timing metavuln:packument:xml2js Completed in 874ms
93 timing metavuln:load:security-advisory:xml2js:1092301 Completed in 4ms
94 http fetch GET 200 https://registry.npmjs.org/semver 880ms (cache miss)
95 timing metavuln:packument:semver Completed in 883ms
96 timing metavuln:load:security-advisory:semver:1096482 Completed in 10ms
97 timing metavuln:cache:put:security-advisory:xml2js:ixGKvLytxENoELPtQ7Jfj+DUT454F6CaTU/ERD5wiTnwMVFoo9YFtr10osyPOYff4xsxGKOlqM3/qGPOZhALTQ== Completed in 35ms
98 timing metavuln:calculate:security-advisory:xml2js:1092301 Completed in 914ms
99 timing metavuln:cache:put:security-advisory:semver:g1vJG11wXBTamuqcp6anLd2yC0AnCjlhaLFglyJx4rEfKLK+YF116HpQw1CsB0bwCPUkxcSemSBkmLIdEXe6xw== Completed in 22ms
100 timing metavuln:calculate:security-advisory:semver:1096482 Completed in 915ms
101 http fetch GET 200 https://registry.npmjs.org/ip 963ms (cache miss)
102 timing metavuln:packument:ip Completed in 964ms
103 timing metavuln:load:security-advisory:ip:1096518 Completed in 0ms
104 timing metavuln:cache:put:security-advisory:ip:TPb5l0pmkJJnQLMA/sob8c0T76c0YLyVraahWx69h4UGHVDbnGA0SLgHjUqC357f5B6FY8gqUkfH3Q7NodN6iQ== Completed in 10ms
105 timing metavuln:calculate:security-advisory:ip:1096518 Completed in 975ms
106 timing metavuln:cache:get:security-advisory:@expo/image-utils:eoVUQcxGyt4DnmIDOkeJMJFW7OIuBBbbWlc6nhbYUGebvYuMcDCvaXhWkptG8Bp0Yf+sCMLBvFION1yoxeILSw== Completed in 5ms
107 timing metavuln:cache:get:security-advisory:@expo/config:IWcmNyt4GYCN5T9SqYTafjmYi+Kg80ntmjqniGi7aDAcZbkFq0zy4XD1Y8694ZNjQIhOe6xreHlINO0AOk/moA== Completed in 4ms
108 timing metavuln:cache:get:security-advisory:@expo/prebuild-config:KZR7oUWNb7FPpYQ4WieDHBxj4MHTIAq06o/CdICQr4BML1ND0wvueJh+ZQ+6/ujoODGBtFIEoOjQ2yx+V8cL0Q== Completed in 3ms
109 http fetch GET 200 https://registry.npmjs.org/@expo%2fconfig 388ms (cache miss)
110 timing metavuln:packument:@expo/config Completed in 397ms
111 timing metavuln:load:security-advisory:@expo/config:g1vJG11wXBTamuqcp6anLd2yC0AnCjlhaLFglyJx4rEfKLK+YF116HpQw1CsB0bwCPUkxcSemSBkmLIdEXe6xw== Completed in 55ms
112 http fetch GET 200 https://registry.npmjs.org/@expo%2fprebuild-config 476ms (cache miss)
113 timing metavuln:packument:@expo/prebuild-config Completed in 505ms
114 timing metavuln:load:security-advisory:@expo/prebuild-config:g1vJG11wXBTamuqcp6anLd2yC0AnCjlhaLFglyJx4rEfKLK+YF116HpQw1CsB0bwCPUkxcSemSBkmLIdEXe6xw== Completed in 19ms
115 timing metavuln:cache:put:security-advisory:@expo/config:IWcmNyt4GYCN5T9SqYTafjmYi+Kg80ntmjqniGi7aDAcZbkFq0zy4XD1Y8694ZNjQIhOe6xreHlINO0AOk/moA== Completed in 119ms
116 timing metavuln:calculate:security-advisory:@expo/config:g1vJG11wXBTamuqcp6anLd2yC0AnCjlhaLFglyJx4rEfKLK+YF116HpQw1CsB0bwCPUkxcSemSBkmLIdEXe6xw== Completed in 573ms
117 timing metavuln:cache:put:security-advisory:@expo/prebuild-config:KZR7oUWNb7FPpYQ4WieDHBxj4MHTIAq06o/CdICQr4BML1ND0wvueJh+ZQ+6/ujoODGBtFIEoOjQ2yx+V8cL0Q== Completed in 69ms
118 timing metavuln:calculate:security-advisory:@expo/prebuild-config:g1vJG11wXBTamuqcp6anLd2yC0AnCjlhaLFglyJx4rEfKLK+YF116HpQw1CsB0bwCPUkxcSemSBkmLIdEXe6xw== Completed in 604ms
119 http fetch GET 200 https://registry.npmjs.org/@expo%2fimage-utils 1521ms (cache miss)
120 timing metavuln:packument:@expo/image-utils Completed in 1526ms
121 timing metavuln:load:security-advisory:@expo/image-utils:g1vJG11wXBTamuqcp6anLd2yC0AnCjlhaLFglyJx4rEfKLK+YF116HpQw1CsB0bwCPUkxcSemSBkmLIdEXe6xw== Completed in 13ms
122 timing metavuln:cache:put:security-advisory:@expo/image-utils:eoVUQcxGyt4DnmIDOkeJMJFW7OIuBBbbWlc6nhbYUGebvYuMcDCvaXhWkptG8Bp0Yf+sCMLBvFION1yoxeILSw== Completed in 16ms
123 timing metavuln:calculate:security-advisory:@expo/image-utils:g1vJG11wXBTamuqcp6anLd2yC0AnCjlhaLFglyJx4rEfKLK+YF116HpQw1CsB0bwCPUkxcSemSBkmLIdEXe6xw== Completed in 1555ms
124 timing metavuln:cache:get:security-advisory:@expo/config-plugins:CvfIb5gWGPFGinX+WB5y1r5d++JFNqaP7sbgqMI05Ps/rAqEomsTTesxVvNYLxlqgaYVG1IU9r5D+BLc5DLzuQ== Completed in 9ms
125 timing metavuln:cache:get:security-advisory:@expo/prebuild-config:9sZHSASJVn6r3NPsMvHRHtvC9cTHaxKYoC5ce8QnfbtYnYFI2DHItQO6a2docPqWtV2vNuYirhbvUgLYWodvhQ== Completed in 6ms
126 timing metavuln:load:security-advisory:@expo/prebuild-config:ixGKvLytxENoELPtQ7Jfj+DUT454F6CaTU/ERD5wiTnwMVFoo9YFtr10osyPOYff4xsxGKOlqM3/qGPOZhALTQ== Completed in 23ms
127 timing metavuln:cache:put:security-advisory:@expo/prebuild-config:9sZHSASJVn6r3NPsMvHRHtvC9cTHaxKYoC5ce8QnfbtYnYFI2DHItQO6a2docPqWtV2vNuYirhbvUgLYWodvhQ== Completed in 135ms
128 timing metavuln:calculate:security-advisory:@expo/prebuild-config:ixGKvLytxENoELPtQ7Jfj+DUT454F6CaTU/ERD5wiTnwMVFoo9YFtr10osyPOYff4xsxGKOlqM3/qGPOZhALTQ== Completed in 165ms
129 http fetch GET 200 https://registry.npmjs.org/@expo%2fconfig-plugins 553ms (cache miss)
130 timing metavuln:packument:@expo/config-plugins Completed in 638ms
131 timing metavuln:load:security-advisory:@expo/config-plugins:ixGKvLytxENoELPtQ7Jfj+DUT454F6CaTU/ERD5wiTnwMVFoo9YFtr10osyPOYff4xsxGKOlqM3/qGPOZhALTQ== Completed in 86ms
132 timing metavuln:cache:put:security-advisory:@expo/config-plugins:CvfIb5gWGPFGinX+WB5y1r5d++JFNqaP7sbgqMI05Ps/rAqEomsTTesxVvNYLxlqgaYVG1IU9r5D+BLc5DLzuQ== Completed in 359ms
133 timing metavuln:calculate:security-advisory:@expo/config-plugins:ixGKvLytxENoELPtQ7Jfj+DUT454F6CaTU/ERD5wiTnwMVFoo9YFtr10osyPOYff4xsxGKOlqM3/qGPOZhALTQ== Completed in 1085ms
134 timing metavuln:cache:get:security-advisory:@react-native-community/cli-doctor:bh03Y8gfO58J7KOriibVg/kJulZdPUkF7LLy1j/QT6O2Wd8BZAPLjWpFsl9TbS5OCw/bd4pCSfR8IbnuDuYNYw== Completed in 27ms
135 timing metavuln:cache:get:security-advisory:@react-native-community/cli-hermes:0rUQxl+E8RvHBa89DtKkNU6+85nJhUWjcAis+xVOpWW1M8H25Z5zwOEIDZszrs0gKOO+Qg+l/r9ukXCssVqylw== Completed in 16ms
136 http fetch GET 200 https://registry.npmjs.org/@react-native-community%2fcli-hermes 199ms (cache miss)
137 timing metavuln:packument:@react-native-community/cli-hermes Completed in 213ms
138 timing metavuln:load:security-advisory:@react-native-community/cli-hermes:TPb5l0pmkJJnQLMA/sob8c0T76c0YLyVraahWx69h4UGHVDbnGA0SLgHjUqC357f5B6FY8gqUkfH3Q7NodN6iQ== Completed in 12ms
139 http fetch GET 200 https://registry.npmjs.org/@react-native-community%2fcli-doctor 233ms (cache miss)
140 timing metavuln:packument:@react-native-community/cli-doctor Completed in 260ms
141 timing metavuln:load:security-advisory:@react-native-community/cli-doctor:TPb5l0pmkJJnQLMA/sob8c0T76c0YLyVraahWx69h4UGHVDbnGA0SLgHjUqC357f5B6FY8gqUkfH3Q7NodN6iQ== Completed in 17ms
142 timing metavuln:cache:put:security-advisory:@react-native-community/cli-doctor:bh03Y8gfO58J7KOriibVg/kJulZdPUkF7LLy1j/QT6O2Wd8BZAPLjWpFsl9TbS5OCw/bd4pCSfR8IbnuDuYNYw== Completed in 833ms
143 timing metavuln:calculate:security-advisory:@react-native-community/cli-doctor:TPb5l0pmkJJnQLMA/sob8c0T76c0YLyVraahWx69h4UGHVDbnGA0SLgHjUqC357f5B6FY8gqUkfH3Q7NodN6iQ== Completed in 1111ms
144 timing metavuln:cache:put:security-advisory:@react-native-community/cli-hermes:0rUQxl+E8RvHBa89DtKkNU6+85nJhUWjcAis+xVOpWW1M8H25Z5zwOEIDZszrs0gKOO+Qg+l/r9ukXCssVqylw== Completed in 873ms
145 timing metavuln:calculate:security-advisory:@react-native-community/cli-hermes:TPb5l0pmkJJnQLMA/sob8c0T76c0YLyVraahWx69h4UGHVDbnGA0SLgHjUqC357f5B6FY8gqUkfH3Q7NodN6iQ== Completed in 1101ms
146 timing metavuln:cache:get:security-advisory:@expo/prebuild-config:TRaBsas9fvZs7e9ivMK6JJg+5pXtIvdvWia2q4WFZFHpwGcV22YfE4J5+DWB6EQOFpyxQS3W1GQiRgkWrgRmbQ== Completed in 5ms
147 timing metavuln:load:security-advisory:@expo/prebuild-config:IWcmNyt4GYCN5T9SqYTafjmYi+Kg80ntmjqniGi7aDAcZbkFq0zy4XD1Y8694ZNjQIhOe6xreHlINO0AOk/moA== Completed in 139ms
148 timing metavuln:cache:put:security-advisory:@expo/prebuild-config:TRaBsas9fvZs7e9ivMK6JJg+5pXtIvdvWia2q4WFZFHpwGcV22YfE4J5+DWB6EQOFpyxQS3W1GQiRgkWrgRmbQ== Completed in 97ms
149 timing metavuln:calculate:security-advisory:@expo/prebuild-config:IWcmNyt4GYCN5T9SqYTafjmYi+Kg80ntmjqniGi7aDAcZbkFq0zy4XD1Y8694ZNjQIhOe6xreHlINO0AOk/moA== Completed in 243ms
150 timing metavuln:cache:get:security-advisory:expo-splash-screen:aoHesfC2zWa/To+3QB4+akQqLH89kYYOAQHlvsxJ9HUoz+TvwKM6GxESkUuHUoFh/pjjcFVQATSvUQg8QVzXbQ== Completed in 3ms
151 http fetch GET 200 https://registry.npmjs.org/expo-splash-screen 732ms (cache miss)
152 timing metavuln:packument:expo-splash-screen Completed in 736ms
153 timing metavuln:load:security-advisory:expo-splash-screen:KZR7oUWNb7FPpYQ4WieDHBxj4MHTIAq06o/CdICQr4BML1ND0wvueJh+ZQ+6/ujoODGBtFIEoOjQ2yx+V8cL0Q== Completed in 28ms
154 timing metavuln:cache:put:security-advisory:expo-splash-screen:aoHesfC2zWa/To+3QB4+akQqLH89kYYOAQHlvsxJ9HUoz+TvwKM6GxESkUuHUoFh/pjjcFVQATSvUQg8QVzXbQ== Completed in 206ms
155 timing metavuln:calculate:security-advisory:expo-splash-screen:KZR7oUWNb7FPpYQ4WieDHBxj4MHTIAq06o/CdICQr4BML1ND0wvueJh+ZQ+6/ujoODGBtFIEoOjQ2yx+V8cL0Q== Completed in 971ms
156 timing metavuln:cache:get:security-advisory:@expo/prebuild-config:nokJl6KKW0rH4U6jZNZ5R4dXvDzGIYeHAVqP0do0qV2CSgqH36g/NMsU2BhlJF7EeHoTemct/W5VGg3twwIb0A== Completed in 1ms
157 timing metavuln:load:security-advisory:@expo/prebuild-config:eoVUQcxGyt4DnmIDOkeJMJFW7OIuBBbbWlc6nhbYUGebvYuMcDCvaXhWkptG8Bp0Yf+sCMLBvFION1yoxeILSw== Completed in 20ms
158 timing metavuln:cache:put:security-advisory:@expo/prebuild-config:nokJl6KKW0rH4U6jZNZ5R4dXvDzGIYeHAVqP0do0qV2CSgqH36g/NMsU2BhlJF7EeHoTemct/W5VGg3twwIb0A== Completed in 124ms
159 timing metavuln:calculate:security-advisory:@expo/prebuild-config:eoVUQcxGyt4DnmIDOkeJMJFW7OIuBBbbWlc6nhbYUGebvYuMcDCvaXhWkptG8Bp0Yf+sCMLBvFION1yoxeILSw== Completed in 146ms
160 timing metavuln:cache:get:security-advisory:@expo/config:zBNGQ4m7o4R++611BdGmNSobc8VIOH3w0BOjsU5yg9TcOu7LIBgP01vqYgAWIS1nV8ME3rlRRemaob5d00sV/w== Completed in 2ms
161 timing metavuln:load:security-advisory:@expo/config:CvfIb5gWGPFGinX+WB5y1r5d++JFNqaP7sbgqMI05Ps/rAqEomsTTesxVvNYLxlqgaYVG1IU9r5D+BLc5DLzuQ== Completed in 53ms
162 timing metavuln:cache:get:security-advisory:@expo/prebuild-config:/m/Ii+4ecwXMdxCsoGrjyrCvYKRLc3fkxQqFRIib/GMr02Z1akDzCbu0X8yLiaXS1wpBHU8i4HnUAkOY3BGhSQ== Completed in 55ms
163 timing metavuln:load:security-advisory:@expo/prebuild-config:CvfIb5gWGPFGinX+WB5y1r5d++JFNqaP7sbgqMI05Ps/rAqEomsTTesxVvNYLxlqgaYVG1IU9r5D+BLc5DLzuQ== Completed in 62ms
164 timing metavuln:cache:put:security-advisory:@expo/config:zBNGQ4m7o4R++611BdGmNSobc8VIOH3w0BOjsU5yg9TcOu7LIBgP01vqYgAWIS1nV8ME3rlRRemaob5d00sV/w== Completed in 1860ms
165 timing metavuln:calculate:security-advisory:@expo/config:CvfIb5gWGPFGinX+WB5y1r5d++JFNqaP7sbgqMI05Ps/rAqEomsTTesxVvNYLxlqgaYVG1IU9r5D+BLc5DLzuQ== Completed in 1916ms
166 timing metavuln:cache:put:security-advisory:@expo/prebuild-config:/m/Ii+4ecwXMdxCsoGrjyrCvYKRLc3fkxQqFRIib/GMr02Z1akDzCbu0X8yLiaXS1wpBHU8i4HnUAkOY3BGhSQ== Completed in 1798ms
167 timing metavuln:calculate:security-advisory:@expo/prebuild-config:CvfIb5gWGPFGinX+WB5y1r5d++JFNqaP7sbgqMI05Ps/rAqEomsTTesxVvNYLxlqgaYVG1IU9r5D+BLc5DLzuQ== Completed in 1916ms
168 timing metavuln:cache:get:security-advisory:expo-app-loading:N5lx4cLkUZv1pz9LwEnWFkZ8QVdzlAA1tJvGni5AvSQlxwwd+2hhXrLLnrVOyQtSFcRHZr7r8nN4UzwCvnnlaQ== Completed in 7ms
169 http fetch GET 200 https://registry.npmjs.org/expo-app-loading 265ms (cache miss)
170 timing metavuln:packument:expo-app-loading Completed in 269ms
171 timing metavuln:load:security-advisory:expo-app-loading:aoHesfC2zWa/To+3QB4+akQqLH89kYYOAQHlvsxJ9HUoz+TvwKM6GxESkUuHUoFh/pjjcFVQATSvUQg8QVzXbQ== Completed in 11ms
172 timing metavuln:cache:put:security-advisory:expo-app-loading:N5lx4cLkUZv1pz9LwEnWFkZ8QVdzlAA1tJvGni5AvSQlxwwd+2hhXrLLnrVOyQtSFcRHZr7r8nN4UzwCvnnlaQ== Completed in 7ms
173 timing metavuln:calculate:security-advisory:expo-app-loading:aoHesfC2zWa/To+3QB4+akQqLH89kYYOAQHlvsxJ9HUoz+TvwKM6GxESkUuHUoFh/pjjcFVQATSvUQg8QVzXbQ== Completed in 289ms
174 timing metavuln:cache:get:security-advisory:@expo/cli:ufNIFwwnUA1JjbaI3A+blXreI8v2r5UxNeZOfJfKRWmpycxryjev7zkVHZ4X1/2vPRU2uqJRazfOe6/xDqkBkw== Completed in 2ms
175 http fetch GET 200 https://registry.npmjs.org/@expo%2fcli 106ms (cache miss)
176 timing metavuln:packument:@expo/cli Completed in 118ms
177 timing metavuln:load:security-advisory:@expo/cli:nokJl6KKW0rH4U6jZNZ5R4dXvDzGIYeHAVqP0do0qV2CSgqH36g/NMsU2BhlJF7EeHoTemct/W5VGg3twwIb0A== Completed in 23ms
178 timing metavuln:cache:put:security-advisory:@expo/cli:ufNIFwwnUA1JjbaI3A+blXreI8v2r5UxNeZOfJfKRWmpycxryjev7zkVHZ4X1/2vPRU2uqJRazfOe6/xDqkBkw== Completed in 4ms
179 timing metavuln:calculate:security-advisory:@expo/cli:nokJl6KKW0rH4U6jZNZ5R4dXvDzGIYeHAVqP0do0qV2CSgqH36g/NMsU2BhlJF7EeHoTemct/W5VGg3twwIb0A== Completed in 146ms
180 timing metavuln:cache:get:security-advisory:expo:APiCAwdY/xxwGX/xZzlHjs9tJEMoTJMKaapiq2ZbNePKTX8F4UmAJYwUymWz5jORxpxh1XJtY7i41Jp8sSscHQ== Completed in 7ms
181 http fetch GET 200 https://registry.npmjs.org/expo 143ms (cache miss)
182 timing metavuln:packument:expo Completed in 166ms
183 timing metavuln:load:security-advisory:expo:ufNIFwwnUA1JjbaI3A+blXreI8v2r5UxNeZOfJfKRWmpycxryjev7zkVHZ4X1/2vPRU2uqJRazfOe6/xDqkBkw== Completed in 42ms
184 timing metavuln:cache:put:security-advisory:expo:APiCAwdY/xxwGX/xZzlHjs9tJEMoTJMKaapiq2ZbNePKTX8F4UmAJYwUymWz5jORxpxh1XJtY7i41Jp8sSscHQ== Completed in 18ms
185 timing metavuln:calculate:security-advisory:expo:ufNIFwwnUA1JjbaI3A+blXreI8v2r5UxNeZOfJfKRWmpycxryjev7zkVHZ4X1/2vPRU2uqJRazfOe6/xDqkBkw== Completed in 227ms
186 timing metavuln:cache:get:security-advisory:expo-application:8g7E+Q1r4BJTsnGxvKxtGqFeCIHbXsnrbFEdi5UMeNoOpNmmwk7IaNOL+4IuyFOARoLzadN2RkI0XOf3FK7bXA== Completed in 88ms
187 timing metavuln:cache:get:security-advisory:expo-constants:g9bCNrza4QAMg7L5eHvN0mOVqX09JBeW71VRV2h5Lrq6DbBsL7P4qf3qZwjrOM0twTDJa/Gsyd8AQLoZYxsDPg== Completed in 87ms
188 timing metavuln:cache:get:security-advisory:expo-file-system:s8fMg7pLqYjz+mNZmCRPv/rIbGaOK22l367EVDN+XbX1XljeE4Fv6RuNRo5Nno4LKkeW6UPQ+Y1Fs5bLeBzKgA== Completed in 86ms
189 timing metavuln:cache:get:security-advisory:expo-font:8LSQ+Ib1aVHkMUYlfhT0zAFAt8gZWEUiJAIQoCDKhkx31Te7Z8EhhBbZoiKrXxCz7oausaNtKabOlSJ+4XheLQ== Completed in 86ms
190 timing metavuln:cache:get:security-advisory:expo-keep-awake:bkKjqQbZVP1fx8StN0QmSrTi+mgCC3y30C05Q72eD5I6UcdS4gT/UvOG/lQ2lVaFDdAmSvdAVv3gY3ojgcvjSw== Completed in 81ms
191 timing metavuln:cache:get:security-advisory:expo-splash-screen:5WzoZdCYckCOTUvKD1pR0GNrd55N6ZwcR8pBt9o3HXepiWCDuIrsw14F43W3jDwhwsCsawE3ZTuUR6bZmjIc2w== Completed in 78ms
192 timing metavuln:load:security-advisory:expo-splash-screen:APiCAwdY/xxwGX/xZzlHjs9tJEMoTJMKaapiq2ZbNePKTX8F4UmAJYwUymWz5jORxpxh1XJtY7i41Jp8sSscHQ== Completed in 9ms
193 timing metavuln:cache:put:security-advisory:expo-splash-screen:5WzoZdCYckCOTUvKD1pR0GNrd55N6ZwcR8pBt9o3HXepiWCDuIrsw14F43W3jDwhwsCsawE3ZTuUR6bZmjIc2w== Completed in 57ms
194 timing metavuln:calculate:security-advisory:expo-splash-screen:APiCAwdY/xxwGX/xZzlHjs9tJEMoTJMKaapiq2ZbNePKTX8F4UmAJYwUymWz5jORxpxh1XJtY7i41Jp8sSscHQ== Completed in 145ms
195 http fetch GET 200 https://registry.npmjs.org/expo-file-system 195ms (cache miss)
196 timing metavuln:packument:expo-file-system Completed in 198ms
197 timing metavuln:load:security-advisory:expo-file-system:APiCAwdY/xxwGX/xZzlHjs9tJEMoTJMKaapiq2ZbNePKTX8F4UmAJYwUymWz5jORxpxh1XJtY7i41Jp8sSscHQ== Completed in 3ms
198 http fetch GET 200 https://registry.npmjs.org/expo-constants 212ms (cache miss)
199 timing metavuln:packument:expo-constants Completed in 215ms
200 timing metavuln:load:security-advisory:expo-constants:APiCAwdY/xxwGX/xZzlHjs9tJEMoTJMKaapiq2ZbNePKTX8F4UmAJYwUymWz5jORxpxh1XJtY7i41Jp8sSscHQ== Completed in 6ms
201 timing metavuln:cache:put:security-advisory:expo-file-system:s8fMg7pLqYjz+mNZmCRPv/rIbGaOK22l367EVDN+XbX1XljeE4Fv6RuNRo5Nno4LKkeW6UPQ+Y1Fs5bLeBzKgA== Completed in 26ms
202 timing metavuln:calculate:security-advisory:expo-file-system:APiCAwdY/xxwGX/xZzlHjs9tJEMoTJMKaapiq2ZbNePKTX8F4UmAJYwUymWz5jORxpxh1XJtY7i41Jp8sSscHQ== Completed in 228ms
203 timing metavuln:cache:put:security-advisory:expo-constants:g9bCNrza4QAMg7L5eHvN0mOVqX09JBeW71VRV2h5Lrq6DbBsL7P4qf3qZwjrOM0twTDJa/Gsyd8AQLoZYxsDPg== Completed in 9ms
204 timing metavuln:calculate:security-advisory:expo-constants:APiCAwdY/xxwGX/xZzlHjs9tJEMoTJMKaapiq2ZbNePKTX8F4UmAJYwUymWz5jORxpxh1XJtY7i41Jp8sSscHQ== Completed in 230ms
205 http fetch GET 200 https://registry.npmjs.org/expo-font 445ms (cache miss)
206 timing metavuln:packument:expo-font Completed in 449ms
207 timing metavuln:load:security-advisory:expo-font:APiCAwdY/xxwGX/xZzlHjs9tJEMoTJMKaapiq2ZbNePKTX8F4UmAJYwUymWz5jORxpxh1XJtY7i41Jp8sSscHQ== Completed in 2ms
208 timing metavuln:cache:put:security-advisory:expo-font:8LSQ+Ib1aVHkMUYlfhT0zAFAt8gZWEUiJAIQoCDKhkx31Te7Z8EhhBbZoiKrXxCz7oausaNtKabOlSJ+4XheLQ== Completed in 24ms
209 timing metavuln:calculate:security-advisory:expo-font:APiCAwdY/xxwGX/xZzlHjs9tJEMoTJMKaapiq2ZbNePKTX8F4UmAJYwUymWz5jORxpxh1XJtY7i41Jp8sSscHQ== Completed in 477ms
210 http fetch GET 200 https://registry.npmjs.org/expo-application 689ms (cache miss)
211 timing metavuln:packument:expo-application Completed in 691ms
212 timing metavuln:load:security-advisory:expo-application:APiCAwdY/xxwGX/xZzlHjs9tJEMoTJMKaapiq2ZbNePKTX8F4UmAJYwUymWz5jORxpxh1XJtY7i41Jp8sSscHQ== Completed in 5ms
213 timing metavuln:cache:put:security-advisory:expo-application:8g7E+Q1r4BJTsnGxvKxtGqFeCIHbXsnrbFEdi5UMeNoOpNmmwk7IaNOL+4IuyFOARoLzadN2RkI0XOf3FK7bXA== Completed in 8ms
214 timing metavuln:calculate:security-advisory:expo-application:APiCAwdY/xxwGX/xZzlHjs9tJEMoTJMKaapiq2ZbNePKTX8F4UmAJYwUymWz5jORxpxh1XJtY7i41Jp8sSscHQ== Completed in 704ms
215 http fetch GET 200 https://registry.npmjs.org/expo-keep-awake 1097ms (cache miss)
216 timing metavuln:packument:expo-keep-awake Completed in 1102ms
217 timing metavuln:load:security-advisory:expo-keep-awake:APiCAwdY/xxwGX/xZzlHjs9tJEMoTJMKaapiq2ZbNePKTX8F4UmAJYwUymWz5jORxpxh1XJtY7i41Jp8sSscHQ== Completed in 2ms
218 timing metavuln:cache:put:security-advisory:expo-keep-awake:bkKjqQbZVP1fx8StN0QmSrTi+mgCC3y30C05Q72eD5I6UcdS4gT/UvOG/lQ2lVaFDdAmSvdAVv3gY3ojgcvjSw== Completed in 67ms
219 timing metavuln:calculate:security-advisory:expo-keep-awake:APiCAwdY/xxwGX/xZzlHjs9tJEMoTJMKaapiq2ZbNePKTX8F4UmAJYwUymWz5jORxpxh1XJtY7i41Jp8sSscHQ== Completed in 1177ms
220 timing auditReport:init Completed in 9861ms
221 timing reify:audit Completed in 11160ms
222 timing reify Completed in 14592ms
223 silly ADD
224 silly ADD
225 silly ADD
226 silly ADD
227 silly ADD
228 silly ADD
229 silly ADD
230 silly ADD
231 timing command:i Completed in 14700ms
232 notice
232 notice New [33mminor[39m version of npm available! [31m10.2.1[39m -> [32m10.4.0[39m
232 notice Changelog: [36mhttps://github.com/npm/cli/releases/tag/v10.4.0[39m
232 notice Run [32mnpm install -g npm@10.4.0[39m to update!
232 notice
233 verbose exit 0
234 timing npm Completed in 15966ms
235 info ok
