0 verbose cli C:\Program Files\nodejs\node.exe C:\Program Files\nodejs\node_modules\npm\bin\npm-cli.js
1 info using npm@10.1.0
2 info using node@v20.9.0
3 timing npm:load:whichnode Completed in 153ms
4 timing config:load:defaults Completed in 4ms
5 timing config:load:file:C:\Program Files\nodejs\node_modules\npm\npmrc Completed in 31ms
6 timing config:load:builtin Completed in 33ms
7 timing config:load:cli Completed in 67ms
8 timing config:load:env Completed in 2ms
9 timing config:load:project Completed in 14ms
10 timing config:load:file:C:\Users\THANH TAM PC\.npmrc Completed in 36ms
11 timing config:load:user Completed in 36ms
12 timing config:load:file:C:\Users\THANH TAM PC\AppData\Roaming\npm\etc\npmrc Completed in 4ms
13 timing config:load:global Completed in 15ms
14 timing config:load:setEnvs Completed in 28ms
15 timing config:load Completed in 200ms
16 timing npm:load:configload Completed in 201ms
17 timing config:load:flatten Completed in 24ms
18 timing npm:load:mkdirpcache Completed in 1ms
19 timing npm:load:mkdirplogs Completed in 1ms
20 verbose title npm prefix
21 verbose argv "prefix" "--global"
22 timing npm:load:setTitle Completed in 2ms
23 timing npm:load:display Completed in 1ms
24 verbose logfile logs-max:10 dir:E:\CRO101_FullLabReactNative1\new-cache-path\_logs\2024-02-23T03_19_26_224Z-
25 verbose logfile E:\CRO101_FullLabReactNative1\new-cache-path\_logs\2024-02-23T03_19_26_224Z-debug-0.log
26 timing npm:load:logFile Completed in 54ms
27 timing npm:load:timers Completed in 0ms
28 timing npm:load:configScope Completed in 1ms
29 timing npm:load Completed in 750ms
30 timing command:prefix Completed in 7ms
31 verbose exit 0
32 timing npm Completed in 1116ms
33 info ok
