0 verbose cli C:\Program Files\nodejs\node.exe C:\Users\THANH TAM PC\AppData\Roaming\npm\node_modules\npm\bin\npm-cli.js
1 info using npm@10.2.1
2 info using node@v20.9.0
3 timing npm:load:whichnode Completed in 2ms
4 timing config:load:defaults Completed in 3ms
5 timing config:load:file:C:\Users\THANH TAM PC\AppData\Roaming\npm\node_modules\npm\npmrc Completed in 9ms
6 timing config:load:builtin Completed in 10ms
7 timing config:load:cli Completed in 2ms
8 timing config:load:env Completed in 1ms
9 timing config:load:file:E:\CRO101_FullLabReactNative1\.npmrc Completed in 1ms
10 timing config:load:project Completed in 2ms
11 timing config:load:file:C:\Users\THANH TAM PC\.npmrc Completed in 0ms
12 timing config:load:user Completed in 1ms
13 timing config:load:file:C:\Users\THANH TAM PC\AppData\Roaming\npm\etc\npmrc Completed in 0ms
14 timing config:load:global Completed in 0ms
15 timing config:load:setEnvs Completed in 1ms
16 timing config:load Completed in 20ms
17 timing npm:load:configload Completed in 20ms
18 timing config:load:flatten Completed in 2ms
19 timing npm:load:mkdirpcache Completed in 0ms
20 timing npm:load:mkdirplogs Completed in 0ms
21 verbose title npm start
22 verbose argv "start"
23 timing npm:load:setTitle Completed in 1ms
24 timing npm:load:display Completed in 1ms
25 verbose logfile logs-max:10 dir:E:\CRO101_FullLabReactNative1\new-cache-path\_logs\2024-02-23T03_11_41_856Z-
26 verbose logfile E:\CRO101_FullLabReactNative1\new-cache-path\_logs\2024-02-23T03_11_41_856Z-debug-0.log
27 timing npm:load:logFile Completed in 12ms
28 timing npm:load:timers Completed in 0ms
29 timing npm:load:configScope Completed in 0ms
30 timing npm:load Completed in 70ms
31 silly logfile done cleaning log files
32 http fetch GET 200 https://registry.npmjs.org/npm 434ms (cache miss)
33 http fetch GET 200 https://registry.npmjs.org/npm 488ms (cache miss)
34 timing command:run-script Completed in 1305ms
35 timing command:start Completed in 1323ms
36 notice
36 notice New [33mminor[39m version of npm available! [31m10.2.1[39m -> [32m10.4.0[39m
36 notice Changelog: [36mhttps://github.com/npm/cli/releases/tag/v10.4.0[39m
36 notice Run [32mnpm install -g npm@10.4.0[39m to update!
36 notice
37 verbose exit 1
38 timing npm Completed in 1508ms
39 verbose code 1
