0 verbose cli C:\Program Files\nodejs\node.exe C:\Users\THANH TAM PC\AppData\Roaming\npm\node_modules\npm\bin\npm-cli.js
1 info using npm@10.2.1
2 info using node@v20.9.0
3 timing npm:load:whichnode Completed in 32ms
4 timing config:load:defaults Completed in 10ms
5 timing config:load:file:C:\Users\THANH TAM PC\AppData\Roaming\npm\node_modules\npm\npmrc Completed in 17ms
6 timing config:load:builtin Completed in 17ms
7 timing config:load:cli Completed in 5ms
8 timing config:load:env Completed in 1ms
9 timing config:load:file:e:\CRO101_FullLabReactNative1\.npmrc Completed in 1ms
10 timing config:load:project Completed in 11ms
11 timing config:load:file:C:\Users\THANH TAM PC\.npmrc Completed in 1ms
12 timing config:load:user Completed in 1ms
13 timing config:load:file:C:\Users\THANH TAM PC\AppData\Roaming\npm\etc\npmrc Completed in 0ms
14 timing config:load:global Completed in 0ms
15 timing config:load:setEnvs Completed in 2ms
16 timing config:load Completed in 50ms
17 timing npm:load:configload Completed in 51ms
18 timing config:load:flatten Completed in 17ms
19 timing npm:load:mkdirpcache Completed in 32ms
20 timing npm:load:mkdirplogs Completed in 21ms
21 verbose title npm config get prefix
22 verbose argv "config" "get" "prefix"
23 timing npm:load:setTitle Completed in 46ms
24 timing npm:load:display Completed in 2ms
25 verbose logfile logs-max:10 dir:e:\CRO101_FullLabReactNative1\new-cache-path\_logs\2024-02-23T02_58_14_466Z-
26 verbose logfile e:\CRO101_FullLabReactNative1\new-cache-path\_logs\2024-02-23T02_58_14_466Z-debug-0.log
27 timing npm:load:logFile Completed in 28ms
28 timing npm:load:timers Completed in 0ms
29 timing npm:load:configScope Completed in 0ms
30 timing npm:load Completed in 362ms
31 timing command:config Completed in 3ms
32 verbose exit 0
33 timing npm Completed in 743ms
34 info ok
